Using pre-set license
Built from '2021.3/staging' branch; Version is '2021.3.5f1 (40eb3a945986) revision 4254522'; Using compiler version '192829333'; Build Type 'Release'
OS: 'Windows 10  (10.0.19044) 64bit Professional' Language: 'en' Physical Memory: 16309 MB
BatchMode: 1, IsHumanControllingUs: 0, StartBugReporterOnCrash: 0, Is64bit: 1, IsPro: 1

COMMAND LINE ARGUMENTS:
C:\Program Files\Unity\Hub\Editor\2021.3.5f1\Editor\Unity.exe
-adb2
-batchMode
-noUpm
-name
AssetImportWorker2
-projectPath
C:/Users/FullGamers/Desktop/unity/Upwards/Upwards
-logFile
Logs/AssetImportWorker2.log
-srvPort
54790
Successfully changed project path to: C:/Users/FullGamers/Desktop/unity/Upwards/Upwards
C:/Users/FullGamers/Desktop/unity/Upwards/Upwards
[UnityMemory] Configuration Parameters - Can be set up in boot.config
    "memorysetup-bucket-allocator-granularity=16"
    "memorysetup-bucket-allocator-bucket-count=8"
    "memorysetup-bucket-allocator-block-size=33554432"
    "memorysetup-bucket-allocator-block-count=8"
    "memorysetup-main-allocator-block-size=16777216"
    "memorysetup-thread-allocator-block-size=16777216"
    "memorysetup-gfx-main-allocator-block-size=16777216"
    "memorysetup-gfx-thread-allocator-block-size=16777216"
    "memorysetup-cache-allocator-block-size=4194304"
    "memorysetup-typetree-allocator-block-size=2097152"
    "memorysetup-profiler-bucket-allocator-granularity=16"
    "memorysetup-profiler-bucket-allocator-bucket-count=8"
    "memorysetup-profiler-bucket-allocator-block-size=33554432"
    "memorysetup-profiler-bucket-allocator-block-count=8"
    "memorysetup-profiler-allocator-block-size=16777216"
    "memorysetup-profiler-editor-allocator-block-size=1048576"
    "memorysetup-temp-allocator-size-main=16777216"
    "memorysetup-job-temp-allocator-block-size=2097152"
    "memorysetup-job-temp-allocator-block-size-background=1048576"
    "memorysetup-job-temp-allocator-reduction-small-platforms=262144"
    "memorysetup-temp-allocator-size-background-worker=32768"
    "memorysetup-temp-allocator-size-job-worker=262144"
    "memorysetup-temp-allocator-size-preload-manager=33554432"
    "memorysetup-temp-allocator-size-nav-mesh-worker=65536"
    "memorysetup-temp-allocator-size-audio-worker=65536"
    "memorysetup-temp-allocator-size-cloud-worker=32768"
    "memorysetup-temp-allocator-size-gi-baking-worker=262144"
    "memorysetup-temp-allocator-size-gfx=262144"
Refreshing native plugins compatible for Editor in 74.21 ms, found 4 plugins.
Preloading 0 native plugins for Editor in 0.00 ms.
Initialize engine version: 2021.3.5f1 (40eb3a945986)
[Subsystems] Discovering subsystems at path C:/Program Files/Unity/Hub/Editor/2021.3.5f1/Editor/Data/Resources/UnitySubsystems
[Subsystems] Discovering subsystems at path C:/Users/FullGamers/Desktop/unity/Upwards/Upwards/Assets
GfxDevice: creating device client; threaded=0; jobified=0
Direct3D:
    Version:  Direct3D 11.0 [level 11.1]
    Renderer: NVIDIA GeForce GTX 1660 SUPER (ID=0x21c4)
    Vendor:   NVIDIA
    VRAM:     5980 MB
    Driver:   31.0.15.2824
Initialize mono
Mono path[0] = 'C:/Program Files/Unity/Hub/Editor/2021.3.5f1/Editor/Data/Managed'
Mono path[1] = 'C:/Program Files/Unity/Hub/Editor/2021.3.5f1/Editor/Data/MonoBleedingEdge/lib/mono/unityjit-win32'
Mono config path = 'C:/Program Files/Unity/Hub/Editor/2021.3.5f1/Editor/Data/MonoBleedingEdge/etc'
Using monoOptions --debugger-agent=transport=dt_socket,embedding=1,server=y,suspend=n,address=127.0.0.1:56832
Begin MonoManager ReloadAssembly
Registering precompiled unity dll's ...
Register platform support module: C:/Program Files/Unity/Hub/Editor/2021.3.5f1/Editor/Data/PlaybackEngines/WebGLSupport/UnityEditor.WebGL.Extensions.dll
Register platform support module: C:/Program Files/Unity/Hub/Editor/2021.3.5f1/Editor/Data/PlaybackEngines/WindowsStandaloneSupport/UnityEditor.WindowsStandalone.Extensions.dll
Registered in 0.005227 seconds.
Native extension for WindowsStandalone target not found
Native extension for WebGL target not found
Refreshing native plugins compatible for Editor in 65.24 ms, found 4 plugins.
Preloading 0 native plugins for Editor in 0.00 ms.
Mono: successfully reloaded assembly
- Completed reload, in  0.428 seconds
Domain Reload Profiling:
	ReloadAssembly (429ms)
		BeginReloadAssembly (49ms)
			ExecutionOrderSort (0ms)
			DisableScriptedObjects (0ms)
			BackupInstance (0ms)
			ReleaseScriptingObjects (0ms)
			CreateAndSetChildDomain (0ms)
		EndReloadAssembly (305ms)
			LoadAssemblies (47ms)
			RebuildTransferFunctionScriptingTraits (0ms)
			SetupTypeCache (66ms)
			ReleaseScriptCaches (0ms)
			RebuildScriptCaches (17ms)
			SetupLoadedEditorAssemblies (187ms)
				LogAssemblyErrors (0ms)
				InitializePlatformSupportModulesInManaged (7ms)
				SetLoadedEditorAssemblies (0ms)
				RefreshPlugins (65ms)
				BeforeProcessingInitializeOnLoad (1ms)
				ProcessInitializeOnLoadAttributes (84ms)
				ProcessInitializeOnLoadMethodAttributes (30ms)
				AfterProcessingInitializeOnLoad (0ms)
				EditorAssembliesLoaded (0ms)
			ExecutionOrderSort2 (0ms)
			AwakeInstancesAfterBackupRestoration (0ms)
Platform modules already initialized, skipping
Registering precompiled user dll's ...
Registered in 0.005396 seconds.
Begin MonoManager ReloadAssembly
Symbol file LoadedFromMemory doesn't match image C:\Users\FullGamers\Desktop\unity\Upwards\Upwards\Library\PackageCache\com.unity.visualscripting@1.7.8\Editor\VisualScripting.Core\Dependencies\YamlDotNet\Unity.VisualScripting.YamlDotNet.dll
Symbol file LoadedFromMemory doesn't match image C:\Users\FullGamers\Desktop\unity\Upwards\Upwards\Library\PackageCache\com.unity.visualscripting@1.7.8\Editor\VisualScripting.Core\Dependencies\DotNetZip\Unity.VisualScripting.IonicZip.dll
Native extension for WindowsStandalone target not found
Native extension for WebGL target not found
Refreshing native plugins compatible for Editor in 65.84 ms, found 4 plugins.
Preloading 0 native plugins for Editor in 0.00 ms.
Mono: successfully reloaded assembly
- Completed reload, in  0.770 seconds
Domain Reload Profiling:
	ReloadAssembly (771ms)
		BeginReloadAssembly (75ms)
			ExecutionOrderSort (0ms)
			DisableScriptedObjects (4ms)
			BackupInstance (0ms)
			ReleaseScriptingObjects (0ms)
			CreateAndSetChildDomain (14ms)
		EndReloadAssembly (616ms)
			LoadAssemblies (57ms)
			RebuildTransferFunctionScriptingTraits (0ms)
			SetupTypeCache (154ms)
			ReleaseScriptCaches (0ms)
			RebuildScriptCaches (34ms)
			SetupLoadedEditorAssemblies (337ms)
				LogAssemblyErrors (0ms)
				InitializePlatformSupportModulesInManaged (4ms)
				SetLoadedEditorAssemblies (0ms)
				RefreshPlugins (66ms)
				BeforeProcessingInitializeOnLoad (72ms)
				ProcessInitializeOnLoadAttributes (159ms)
				ProcessInitializeOnLoadMethodAttributes (30ms)
				AfterProcessingInitializeOnLoad (5ms)
				EditorAssembliesLoaded (0ms)
			ExecutionOrderSort2 (0ms)
			AwakeInstancesAfterBackupRestoration (4ms)
Platform modules already initialized, skipping
========================================================================
Worker process is ready to serve import requests
Launched and connected shader compiler UnityShaderCompiler.exe after 0.03 seconds
Refreshing native plugins compatible for Editor in 0.63 ms, found 4 plugins.
Preloading 0 native plugins for Editor in 0.00 ms.
Unloading 4087 Unused Serialized files (Serialized files now loaded: 0)
Unloading 44 unused Assets / (222.4 KB). Loaded Objects now: 4538.
Memory consumption went from 151.7 MB to 151.5 MB.
Total: 2.598900 ms (FindLiveObjects: 0.235600 ms CreateObjectMapping: 0.103300 ms MarkObjects: 2.153200 ms  DeleteObjects: 0.105800 ms)

AssetImportParameters requested are different than current active one (requested -> active):
  custom:video-decoder-ogg-theora: a1e56fd34408186e4bbccfd4996cb3dc -> 
  custom:container-muxer-webm: aa71ff27fc2769a1b78a27578f13a17b -> 
  custom:container-demuxer-webm: 4f35f7cbe854078d1ac9338744f61a02 -> 
  custom:video-encoder-webm-vp8: eb34c28f22e8b96e1ab97ce403110664 -> 
  custom:audio-encoder-webm-vorbis: bf7c407c2cedff20999df2af8eb42d56 -> 
  custom:framework-win-MediaFoundation: 216162199b28c13a410421893ffa2e32 -> 
  custom:container-demuxer-ogg: 62fdf1f143b41e24485cea50d1cbac27 -> 
  custom:video-decoder-webm-vp8: 9c59270c3fd7afecdb556c50c9e8de78 -> 
  custom:audio-decoder-ogg-vorbis: bf7c407c2cedff20999df2af8eb42d56 -> 
========================================================================
Received Import Request.
  Time since last request: 1387011.974991 seconds.
  path: Assets/Sprites/Tile Palettes/Cloud Tile.prefab
  artifactKey: Guid(7ee01a9aef79cc841a7e4da138b620db) Importer(815301076,1909f56bfc062723c751e8b465ee728b)
Start importing Assets/Sprites/Tile Palettes/Cloud Tile.prefab using Guid(7ee01a9aef79cc841a7e4da138b620db) Importer(815301076,1909f56bfc062723c751e8b465ee728b)  -> (artifact id: '2287b1c125041fdbd420fd7b25a264df') in 0.086380 seconds 
========================================================================
Received Import Request.
  Time since last request: 1.317896 seconds.
  path: Assets/Sprites/Tile Palettes/Tiles
  artifactKey: Guid(87157499a40ec08468cda6850e6e966f) Importer(815301076,1909f56bfc062723c751e8b465ee728b)
Start importing Assets/Sprites/Tile Palettes/Tiles using Guid(87157499a40ec08468cda6850e6e966f) Importer(815301076,1909f56bfc062723c751e8b465ee728b)  -> (artifact id: '1a2c1c138aef5a233fe4d589a1ebe390') in 0.004486 seconds 
========================================================================
Received Import Request.
  Time since last request: 2355.117258 seconds.
  path: Assets/Sprites/Tile Palettes/Tiles/CloudAutoTile 1.asset
  artifactKey: Guid(2ee6c9c8eb1dea64abeeafcc88a2a3b3) Importer(815301076,1909f56bfc062723c751e8b465ee728b)
Start importing Assets/Sprites/Tile Palettes/Tiles/CloudAutoTile 1.asset using Guid(2ee6c9c8eb1dea64abeeafcc88a2a3b3) Importer(815301076,1909f56bfc062723c751e8b465ee728b)  -> (artifact id: 'a6aa733fe32f19f7ba523c46a36e8dc2') in 0.016884 seconds 
========================================================================
Received Import Request.
  Time since last request: 8.510098 seconds.
  path: Assets/Sprites/Tile Palettes/Tiles/GroundAutoTile 1.asset
  artifactKey: Guid(2ee6c9c8eb1dea64abeeafcc88a2a3b3) Importer(815301076,1909f56bfc062723c751e8b465ee728b)
Start importing Assets/Sprites/Tile Palettes/Tiles/GroundAutoTile 1.asset using Guid(2ee6c9c8eb1dea64abeeafcc88a2a3b3) Importer(815301076,1909f56bfc062723c751e8b465ee728b)  -> (artifact id: '3099a6eb579fa56c8dde469f22192037') in 0.008790 seconds 
========================================================================
Received Import Request.
  Time since last request: 44.755674 seconds.
  path: Assets/Sprites/TileSets/groundTileSet.png
  artifactKey: Guid(0cfeb8b9dd9a7694eacb043bbfed66a8) Importer(815301076,1909f56bfc062723c751e8b465ee728b)
Start importing Assets/Sprites/TileSets/groundTileSet.png using Guid(0cfeb8b9dd9a7694eacb043bbfed66a8) Importer(815301076,1909f56bfc062723c751e8b465ee728b)  -> (artifact id: 'e60ce7d0500fd08eee7b0d00bb3defb9') in 0.043473 seconds 
========================================================================
Received Import Request.
  Time since last request: 10.031612 seconds.
  path: Assets/Sprites/TileSets/groundTileSet.png
  artifactKey: Guid(0cfeb8b9dd9a7694eacb043bbfed66a8) Importer(815301076,1909f56bfc062723c751e8b465ee728b)
Start importing Assets/Sprites/TileSets/groundTileSet.png using Guid(0cfeb8b9dd9a7694eacb043bbfed66a8) Importer(815301076,1909f56bfc062723c751e8b465ee728b)  -> (artifact id: '9bdd4eca3799e8ebcb55e0ece46f4d76') in 0.013118 seconds 
========================================================================
Received Import Request.
  Time since last request: 12.895125 seconds.
  path: Assets/Sprites/TileSets/groundTileSet.png
  artifactKey: Guid(0cfeb8b9dd9a7694eacb043bbfed66a8) Importer(815301076,1909f56bfc062723c751e8b465ee728b)
Start importing Assets/Sprites/TileSets/groundTileSet.png using Guid(0cfeb8b9dd9a7694eacb043bbfed66a8) Importer(815301076,1909f56bfc062723c751e8b465ee728b)  -> (artifact id: 'c9a9278533dd753966e54352e9462a82') in 0.007773 seconds 
========================================================================
Received Import Request.
  Time since last request: 12.352574 seconds.
  path: Assets/Sprites/TileSets/groundTileSet.png
  artifactKey: Guid(0cfeb8b9dd9a7694eacb043bbfed66a8) Importer(815301076,1909f56bfc062723c751e8b465ee728b)
Start importing Assets/Sprites/TileSets/groundTileSet.png using Guid(0cfeb8b9dd9a7694eacb043bbfed66a8) Importer(815301076,1909f56bfc062723c751e8b465ee728b)  -> (artifact id: 'c60b7280df0345d08686b47a9e3c74b6') in 0.030767 seconds 
========================================================================
Received Import Request.
  Time since last request: 502.986948 seconds.
  path: Assets/Sprites/TileSets/groundTileSet.png
  artifactKey: Guid(0cfeb8b9dd9a7694eacb043bbfed66a8) Importer(815301076,1909f56bfc062723c751e8b465ee728b)
Start importing Assets/Sprites/TileSets/groundTileSet.png using Guid(0cfeb8b9dd9a7694eacb043bbfed66a8) Importer(815301076,1909f56bfc062723c751e8b465ee728b)  -> (artifact id: '44574c61ee6ab6704b284f223175300c') in 0.012548 seconds 
========================================================================
Received Import Request.
  Time since last request: 9.986466 seconds.
  path: Assets/Sprites/TileSets/groundTileSet.png
  artifactKey: Guid(0cfeb8b9dd9a7694eacb043bbfed66a8) Importer(815301076,1909f56bfc062723c751e8b465ee728b)
Start importing Assets/Sprites/TileSets/groundTileSet.png using Guid(0cfeb8b9dd9a7694eacb043bbfed66a8) Importer(815301076,1909f56bfc062723c751e8b465ee728b)  -> (artifact id: '8652405e19d558c2e03bfe125b917b30') in 0.018511 seconds 
========================================================================
Received Import Request.
  Time since last request: 4.494282 seconds.
  path: Assets/Sprites/TileSets/groundTileSet.png
  artifactKey: Guid(0cfeb8b9dd9a7694eacb043bbfed66a8) Importer(815301076,1909f56bfc062723c751e8b465ee728b)
Start importing Assets/Sprites/TileSets/groundTileSet.png using Guid(0cfeb8b9dd9a7694eacb043bbfed66a8) Importer(815301076,1909f56bfc062723c751e8b465ee728b)  -> (artifact id: '06504109a49eaa0503cff02ae0680570') in 0.007897 seconds 
========================================================================
Received Import Request.
  Time since last request: 3.966551 seconds.
  path: Assets/Sprites/TileSets/groundTileSet.png
  artifactKey: Guid(0cfeb8b9dd9a7694eacb043bbfed66a8) Importer(815301076,1909f56bfc062723c751e8b465ee728b)
Start importing Assets/Sprites/TileSets/groundTileSet.png using Guid(0cfeb8b9dd9a7694eacb043bbfed66a8) Importer(815301076,1909f56bfc062723c751e8b465ee728b)  -> (artifact id: 'cb431bf2e9244c04d2b84dfcf65ee36d') in 0.056840 seconds 
========================================================================
Received Import Request.
  Time since last request: 251.678322 seconds.
  path: Assets/Sprites/Tile Palettes/Tiles/GroundAutoTile 1.asset
  artifactKey: Guid(2ee6c9c8eb1dea64abeeafcc88a2a3b3) Importer(815301076,1909f56bfc062723c751e8b465ee728b)
Start importing Assets/Sprites/Tile Palettes/Tiles/GroundAutoTile 1.asset using Guid(2ee6c9c8eb1dea64abeeafcc88a2a3b3) Importer(815301076,1909f56bfc062723c751e8b465ee728b)  -> (artifact id: '6ebcbc2d3696dda0d47e005871e8b2f9') in 0.009823 seconds 
========================================================================
Received Prepare
Registering precompiled user dll's ...
Registered in 0.005856 seconds.
Begin MonoManager ReloadAssembly
Symbol file LoadedFromMemory doesn't match image C:\Users\FullGamers\Desktop\unity\Upwards\Upwards\Library\PackageCache\com.unity.visualscripting@1.7.8\Editor\VisualScripting.Core\Dependencies\YamlDotNet\Unity.VisualScripting.YamlDotNet.dll
Symbol file LoadedFromMemory doesn't match image C:\Users\FullGamers\Desktop\unity\Upwards\Upwards\Library\PackageCache\com.unity.visualscripting@1.7.8\Editor\VisualScripting.Core\Dependencies\DotNetZip\Unity.VisualScripting.IonicZip.dll
Native extension for WindowsStandalone target not found
Native extension for WebGL target not found
Refreshing native plugins compatible for Editor in 0.65 ms, found 4 plugins.
Preloading 0 native plugins for Editor in 0.00 ms.
Mono: successfully reloaded assembly
- Completed reload, in  0.684 seconds
Domain Reload Profiling:
	ReloadAssembly (685ms)
		BeginReloadAssembly (101ms)
			ExecutionOrderSort (0ms)
			DisableScriptedObjects (5ms)
			BackupInstance (0ms)
			ReleaseScriptingObjects (0ms)
			CreateAndSetChildDomain (31ms)
		EndReloadAssembly (515ms)
			LoadAssemblies (61ms)
			RebuildTransferFunctionScriptingTraits (0ms)
			SetupTypeCache (147ms)
			ReleaseScriptCaches (1ms)
			RebuildScriptCaches (28ms)
			SetupLoadedEditorAssemblies (247ms)
				LogAssemblyErrors (0ms)
				InitializePlatformSupportModulesInManaged (10ms)
				SetLoadedEditorAssemblies (0ms)
				RefreshPlugins (1ms)
				BeforeProcessingInitializeOnLoad (54ms)
				ProcessInitializeOnLoadAttributes (150ms)
				ProcessInitializeOnLoadMethodAttributes (26ms)
				AfterProcessingInitializeOnLoad (6ms)
				EditorAssembliesLoaded (0ms)
			ExecutionOrderSort2 (0ms)
			AwakeInstancesAfterBackupRestoration (5ms)
Platform modules already initialized, skipping
Refreshing native plugins compatible for Editor in 1.64 ms, found 4 plugins.
Preloading 0 native plugins for Editor in 0.00 ms.
Unloading 4082 Unused Serialized files (Serialized files now loaded: 0)
Unloading 31 unused Assets / (189.6 KB). Loaded Objects now: 4553.
Memory consumption went from 156.1 MB to 155.9 MB.
Total: 2.534400 ms (FindLiveObjects: 0.206500 ms CreateObjectMapping: 0.089300 ms MarkObjects: 2.149400 ms  DeleteObjects: 0.088800 ms)

AssetImportParameters requested are different than current active one (requested -> active):
  custom:video-decoder-ogg-theora: a1e56fd34408186e4bbccfd4996cb3dc -> 
  custom:container-muxer-webm: aa71ff27fc2769a1b78a27578f13a17b -> 
  custom:container-demuxer-webm: 4f35f7cbe854078d1ac9338744f61a02 -> 
  custom:video-encoder-webm-vp8: eb34c28f22e8b96e1ab97ce403110664 -> 
  custom:audio-encoder-webm-vorbis: bf7c407c2cedff20999df2af8eb42d56 -> 
  custom:framework-win-MediaFoundation: 216162199b28c13a410421893ffa2e32 -> 
  custom:container-demuxer-ogg: 62fdf1f143b41e24485cea50d1cbac27 -> 
  custom:video-decoder-webm-vp8: 9c59270c3fd7afecdb556c50c9e8de78 -> 
  custom:audio-decoder-ogg-vorbis: bf7c407c2cedff20999df2af8eb42d56 -> 
