Base path: 'C:/Program Files/Unity/Hub/Editor/2021.3.5f1/Editor/Data', plugins path 'C:/Program Files/Unity/Hub/Editor/2021.3.5f1/Editor/Data/PlaybackEngines'
Cmd: initializeCompiler

Cmd: compileSnippet
  insize=7780 file=Assets/Shaders/Shader Graphs/CaveBackground pass=SceneSelectionPass cachingPP=1 ppOnly=0 stripLineD=0 buildPlatform=19 rsLen=0 pKW=UNITY_ENABLE_REFLECTION_BUFFERS UNITY_USE_DITHER_MASK_FOR_ALPHABLENDED_SHADOWS UNITY_PBS_USE_BRDF1 UNITY_SPECCUBE_BOX_PROJECTION UNITY_SPECCUBE_BLENDING UNITY_ENABLE_DETAIL_NORMALMAP SHADER_API_DESKTOP UNITY_COLORSPACE_GAMMA UNITY_LIGHT_PROBE_PROXY_VOLUME UNITY_LIGHTMAP_FULL_HDR uKW= dKW=UNITY_NO_DXT5nm UNITY_FRAMEBUFFER_FETCH_AVAILABLE UNITY_ENABLE_NATIVE_SHADOW_LOOKUPS UNITY_METAL_SHADOWS_USE_POINT_FILTERING UNITY_NO_SCREENSPACE_SHADOWS UNITY_PBS_USE_BRDF2 UNITY_PBS_USE_BRDF3 UNITY_NO_FULL_STANDARD_SHADER UNITY_HARDWARE_TIER1 UNITY_HARDWARE_TIER2 UNITY_HARDWARE_TIER3 UNITY_HALF_PRECISION_FRAGMENT_SHADER_REGISTERS UNITY_LIGHTMAP_DLDR_ENCODING UNITY_LIGHTMAP_RGBM_ENCODING UNITY_VIRTUAL_TEXTURING UNITY_PRETRANSFORM_TO_DISPLAY_ORIENTATION UNITY_ASTC_NORMALMAP_ENCODING SHADER_API_GLES30 UNITY_UNIFIED_SHADER_PRECISION_MODEL flags=0 lang=3 type=Fragment platform=d3d11 reqs=1 mask=6 start=463 ok=1 outsize=290

Cmd: compileSnippet
  insize=10249 file=/hidden/preview/Add_69fc71a8f8b44ca3afd3a0ebc8859390 pass=<Unnamed Pass 0> cachingPP=1 ppOnly=0 stripLineD=0 buildPlatform=19 rsLen=0 pKW=UNITY_ENABLE_REFLECTION_BUFFERS UNITY_USE_DITHER_MASK_FOR_ALPHABLENDED_SHADOWS UNITY_PBS_USE_BRDF1 UNITY_SPECCUBE_BOX_PROJECTION UNITY_SPECCUBE_BLENDING UNITY_ENABLE_DETAIL_NORMALMAP SHADER_API_DESKTOP UNITY_COLORSPACE_GAMMA UNITY_LIGHT_PROBE_PROXY_VOLUME UNITY_LIGHTMAP_FULL_HDR uKW= dKW=UNITY_NO_DXT5nm UNITY_FRAMEBUFFER_FETCH_AVAILABLE UNITY_ENABLE_NATIVE_SHADOW_LOOKUPS UNITY_METAL_SHADOWS_USE_POINT_FILTERING UNITY_NO_SCREENSPACE_SHADOWS UNITY_PBS_USE_BRDF2 UNITY_PBS_USE_BRDF3 UNITY_NO_FULL_STANDARD_SHADER UNITY_HARDWARE_TIER1 UNITY_HARDWARE_TIER2 UNITY_HARDWARE_TIER3 UNITY_HALF_PRECISION_FRAGMENT_SHADER_REGISTERS UNITY_LIGHTMAP_DLDR_ENCODING UNITY_LIGHTMAP_RGBM_ENCODING UNITY_VIRTUAL_TEXTURING UNITY_PRETRANSFORM_TO_DISPLAY_ORIENTATION UNITY_ASTC_NORMALMAP_ENCODING SHADER_API_GLES30 UNITY_UNIFIED_SHADER_PRECISION_MODEL flags=0 lang=3 type=Fragment platform=d3d11 reqs=33 mask=6 start=37  error: 1 plat 4 at C:/Users/FullGamers/Desktop/unity/Upwards/Upwards/Library/PackageCache/com.jimmycushnie.noisynodes@1f212c2688/NoiseShader/HLSL/NoiseUtils.hlsl(77): implicit truncation of vector type
  error: 1 plat 4 at C:/Users/FullGamers/Desktop/unity/Upwards/Upwards/Library/PackageCache/com.jimmycushnie.noisynodes@1f212c2688/NoiseShader/HLSL/SimplexNoise2D.hlsl(136): implicit truncation of vector type
 ok=1 outsize=6370

Cmd: compileSnippet
  insize=15368 file=/hidden/preview/ReplaceColor_b4ecf30db74343eaadbe33229d2783a1 pass=<Unnamed Pass 0> cachingPP=1 ppOnly=0 stripLineD=0 buildPlatform=19 rsLen=0 pKW=UNITY_ENABLE_REFLECTION_BUFFERS UNITY_USE_DITHER_MASK_FOR_ALPHABLENDED_SHADOWS UNITY_PBS_USE_BRDF1 UNITY_SPECCUBE_BOX_PROJECTION UNITY_SPECCUBE_BLENDING UNITY_ENABLE_DETAIL_NORMALMAP SHADER_API_DESKTOP UNITY_COLORSPACE_GAMMA UNITY_LIGHT_PROBE_PROXY_VOLUME UNITY_LIGHTMAP_FULL_HDR uKW= dKW=UNITY_NO_DXT5nm UNITY_FRAMEBUFFER_FETCH_AVAILABLE UNITY_ENABLE_NATIVE_SHADOW_LOOKUPS UNITY_METAL_SHADOWS_USE_POINT_FILTERING UNITY_NO_SCREENSPACE_SHADOWS UNITY_PBS_USE_BRDF2 UNITY_PBS_USE_BRDF3 UNITY_NO_FULL_STANDARD_SHADER UNITY_HARDWARE_TIER1 UNITY_HARDWARE_TIER2 UNITY_HARDWARE_TIER3 UNITY_HALF_PRECISION_FRAGMENT_SHADER_REGISTERS UNITY_LIGHTMAP_DLDR_ENCODING UNITY_LIGHTMAP_RGBM_ENCODING UNITY_VIRTUAL_TEXTURING UNITY_PRETRANSFORM_TO_DISPLAY_ORIENTATION UNITY_ASTC_NORMALMAP_ENCODING SHADER_API_GLES30 UNITY_UNIFIED_SHADER_PRECISION_MODEL flags=0 lang=3 type=Fragment platform=d3d11 reqs=33 mask=6 start=37  error: 1 plat 4 at (208): pow(f, e) will not work for negative f, use abs(f) or conditionally handle negative values if you expect them
  error: 1 plat 4 at (325): 'Unity_ReplaceColor_float': implicit truncation of vector type
  error: 1 plat 4 at (327): 'Unity_ReplaceColor_float': implicit truncation of vector type
  error: 1 plat 4 at C:/Users/FullGamers/Desktop/unity/Upwards/Upwards/Library/PackageCache/com.jimmycushnie.noisynodes@1f212c2688/NoiseShader/HLSL/NoiseUtils.hlsl(77): implicit truncation of vector type
  error: 1 plat 4 at C:/Users/FullGamers/Desktop/unity/Upwards/Upwards/Library/PackageCache/com.jimmycushnie.noisynodes@1f212c2688/NoiseShader/HLSL/SimplexNoise2D.hlsl(136): implicit truncation of vector type
 ok=1 outsize=9462

Cmd: compileSnippet
  insize=21040 file=/Master pass=Sprite Unlit cachingPP=1 ppOnly=0 stripLineD=0 buildPlatform=19 rsLen=0 pKW=UNITY_ENABLE_REFLECTION_BUFFERS UNITY_USE_DITHER_MASK_FOR_ALPHABLENDED_SHADOWS UNITY_PBS_USE_BRDF1 UNITY_SPECCUBE_BOX_PROJECTION UNITY_SPECCUBE_BLENDING UNITY_ENABLE_DETAIL_NORMALMAP SHADER_API_DESKTOP UNITY_COLORSPACE_GAMMA UNITY_LIGHT_PROBE_PROXY_VOLUME UNITY_LIGHTMAP_FULL_HDR uKW= dKW=UNITY_NO_DXT5nm UNITY_FRAMEBUFFER_FETCH_AVAILABLE UNITY_ENABLE_NATIVE_SHADOW_LOOKUPS UNITY_METAL_SHADOWS_USE_POINT_FILTERING UNITY_NO_SCREENSPACE_SHADOWS UNITY_PBS_USE_BRDF2 UNITY_PBS_USE_BRDF3 UNITY_NO_FULL_STANDARD_SHADER UNITY_HARDWARE_TIER1 UNITY_HARDWARE_TIER2 UNITY_HARDWARE_TIER3 UNITY_HALF_PRECISION_FRAGMENT_SHADER_REGISTERS UNITY_LIGHTMAP_DLDR_ENCODING UNITY_LIGHTMAP_RGBM_ENCODING UNITY_VIRTUAL_TEXTURING UNITY_PRETRANSFORM_TO_DISPLAY_ORIENTATION UNITY_ASTC_NORMALMAP_ENCODING SHADER_API_GLES30 UNITY_UNIFIED_SHADER_PRECISION_MODEL flags=0 lang=3 type=Vertex platform=d3d11 reqs=1 mask=6 start=501  error: 1 plat 4 at (876): 'Unity_ReplaceColor_float': implicit truncation of vector type
  error: 1 plat 4 at (878): 'Unity_ReplaceColor_float': implicit truncation of vector type
  error: 1 plat 4 at (880): 'Unity_ReplaceColor_float': implicit truncation of vector type
  error: 1 plat 4 at (882): 'Unity_ReplaceColor_float': implicit truncation of vector type
  error: 1 plat 4 at (884): 'Unity_ReplaceColor_float': implicit truncation of vector type
  error: 1 plat 4 at (887): 'Unity_ReplaceColor_float': implicit truncation of vector type
  error: 1 plat 4 at C:/Users/FullGamers/Desktop/unity/Upwards/Upwards/Library/PackageCache/com.jimmycushnie.noisynodes@1f212c2688/NoiseShader/HLSL/NoiseUtils.hlsl(77): implicit truncation of vector type
  error: 1 plat 4 at C:/Users/FullGamers/Desktop/unity/Upwards/Upwards/Library/PackageCache/com.jimmycushnie.noisynodes@1f212c2688/NoiseShader/HLSL/SimplexNoise2D.hlsl(136): implicit truncation of vector type
 ok=1 outsize=886

Cmd: compileSnippet
  insize=16884 file=/hidden/preview/ReplaceColor_01127979f0ac48af8876c0784be04234 pass=<Unnamed Pass 0> cachingPP=1 ppOnly=0 stripLineD=0 buildPlatform=19 rsLen=0 pKW=UNITY_ENABLE_REFLECTION_BUFFERS UNITY_USE_DITHER_MASK_FOR_ALPHABLENDED_SHADOWS UNITY_PBS_USE_BRDF1 UNITY_SPECCUBE_BOX_PROJECTION UNITY_SPECCUBE_BLENDING UNITY_ENABLE_DETAIL_NORMALMAP SHADER_API_DESKTOP UNITY_COLORSPACE_GAMMA UNITY_LIGHT_PROBE_PROXY_VOLUME UNITY_LIGHTMAP_FULL_HDR uKW= dKW=UNITY_NO_DXT5nm UNITY_FRAMEBUFFER_FETCH_AVAILABLE UNITY_ENABLE_NATIVE_SHADOW_LOOKUPS UNITY_METAL_SHADOWS_USE_POINT_FILTERING UNITY_NO_SCREENSPACE_SHADOWS UNITY_PBS_USE_BRDF2 UNITY_PBS_USE_BRDF3 UNITY_NO_FULL_STANDARD_SHADER UNITY_HARDWARE_TIER1 UNITY_HARDWARE_TIER2 UNITY_HARDWARE_TIER3 UNITY_HALF_PRECISION_FRAGMENT_SHADER_REGISTERS UNITY_LIGHTMAP_DLDR_ENCODING UNITY_LIGHTMAP_RGBM_ENCODING UNITY_VIRTUAL_TEXTURING UNITY_PRETRANSFORM_TO_DISPLAY_ORIENTATION UNITY_ASTC_NORMALMAP_ENCODING SHADER_API_GLES30 UNITY_UNIFIED_SHADER_PRECISION_MODEL flags=0 lang=3 type=Vertex platform=d3d11 reqs=33 mask=6 start=37  error: 1 plat 4 at (335): 'Unity_ReplaceColor_float': implicit truncation of vector type
  error: 1 plat 4 at (337): 'Unity_ReplaceColor_float': implicit truncation of vector type
  error: 1 plat 4 at (339): 'Unity_ReplaceColor_float': implicit truncation of vector type
  error: 1 plat 4 at (341): 'Unity_ReplaceColor_float': implicit truncation of vector type
  error: 1 plat 4 at C:/Users/FullGamers/Desktop/unity/Upwards/Upwards/Library/PackageCache/com.jimmycushnie.noisynodes@1f212c2688/NoiseShader/HLSL/NoiseUtils.hlsl(77): implicit truncation of vector type
  error: 1 plat 4 at C:/Users/FullGamers/Desktop/unity/Upwards/Upwards/Library/PackageCache/com.jimmycushnie.noisynodes@1f212c2688/NoiseShader/HLSL/SimplexNoise2D.hlsl(136): implicit truncation of vector type
 ok=1 outsize=626

Cmd: compileSnippet
  insize=11409 file=/hidden/preview/Divide_0e0d7c049078433d8e205b8368db7ec5 pass=<Unnamed Pass 0> cachingPP=1 ppOnly=0 stripLineD=0 buildPlatform=19 rsLen=0 pKW=UNITY_ENABLE_REFLECTION_BUFFERS UNITY_USE_DITHER_MASK_FOR_ALPHABLENDED_SHADOWS UNITY_PBS_USE_BRDF1 UNITY_SPECCUBE_BOX_PROJECTION UNITY_SPECCUBE_BLENDING UNITY_ENABLE_DETAIL_NORMALMAP SHADER_API_DESKTOP UNITY_COLORSPACE_GAMMA UNITY_LIGHT_PROBE_PROXY_VOLUME UNITY_LIGHTMAP_FULL_HDR uKW= dKW=UNITY_NO_DXT5nm UNITY_FRAMEBUFFER_FETCH_AVAILABLE UNITY_ENABLE_NATIVE_SHADOW_LOOKUPS UNITY_METAL_SHADOWS_USE_POINT_FILTERING UNITY_NO_SCREENSPACE_SHADOWS UNITY_PBS_USE_BRDF2 UNITY_PBS_USE_BRDF3 UNITY_NO_FULL_STANDARD_SHADER UNITY_HARDWARE_TIER1 UNITY_HARDWARE_TIER2 UNITY_HARDWARE_TIER3 UNITY_HALF_PRECISION_FRAGMENT_SHADER_REGISTERS UNITY_LIGHTMAP_DLDR_ENCODING UNITY_LIGHTMAP_RGBM_ENCODING UNITY_VIRTUAL_TEXTURING UNITY_PRETRANSFORM_TO_DISPLAY_ORIENTATION UNITY_ASTC_NORMALMAP_ENCODING SHADER_API_GLES30 UNITY_UNIFIED_SHADER_PRECISION_MODEL flags=0 lang=3 type=Fragment platform=d3d11 reqs=33 mask=6 start=37  error: 1 plat 4 at C:/Users/FullGamers/Desktop/unity/Upwards/Upwards/Library/PackageCache/com.jimmycushnie.noisynodes@1f212c2688/NoiseShader/HLSL/NoiseUtils.hlsl(77): implicit truncation of vector type
  error: 1 plat 4 at C:/Users/FullGamers/Desktop/unity/Upwards/Upwards/Library/PackageCache/com.jimmycushnie.noisynodes@1f212c2688/NoiseShader/HLSL/SimplexNoise2D.hlsl(136): implicit truncation of vector type
 ok=1 outsize=8374

Cmd: compileSnippet
  insize=18177 file=/hidden/preview/ReplaceColor_5fecf2efc241477da3f5b8c9c5aa8b37 pass=<Unnamed Pass 0> cachingPP=1 ppOnly=0 stripLineD=0 buildPlatform=19 rsLen=0 pKW=UNITY_ENABLE_REFLECTION_BUFFERS UNITY_USE_DITHER_MASK_FOR_ALPHABLENDED_SHADOWS UNITY_PBS_USE_BRDF1 UNITY_SPECCUBE_BOX_PROJECTION UNITY_SPECCUBE_BLENDING UNITY_ENABLE_DETAIL_NORMALMAP SHADER_API_DESKTOP UNITY_COLORSPACE_GAMMA UNITY_LIGHT_PROBE_PROXY_VOLUME UNITY_LIGHTMAP_FULL_HDR uKW= dKW=UNITY_NO_DXT5nm UNITY_FRAMEBUFFER_FETCH_AVAILABLE UNITY_ENABLE_NATIVE_SHADOW_LOOKUPS UNITY_METAL_SHADOWS_USE_POINT_FILTERING UNITY_NO_SCREENSPACE_SHADOWS UNITY_PBS_USE_BRDF2 UNITY_PBS_USE_BRDF3 UNITY_NO_FULL_STANDARD_SHADER UNITY_HARDWARE_TIER1 UNITY_HARDWARE_TIER2 UNITY_HARDWARE_TIER3 UNITY_HALF_PRECISION_FRAGMENT_SHADER_REGISTERS UNITY_LIGHTMAP_DLDR_ENCODING UNITY_LIGHTMAP_RGBM_ENCODING UNITY_VIRTUAL_TEXTURING UNITY_PRETRANSFORM_TO_DISPLAY_ORIENTATION UNITY_ASTC_NORMALMAP_ENCODING SHADER_API_GLES30 UNITY_UNIFIED_SHADER_PRECISION_MODEL flags=0 lang=3 type=Fragment platform=d3d11 reqs=33 mask=6 start=37  error: 1 plat 4 at (223): pow(f, e) will not work for negative f, use abs(f) or conditionally handle negative values if you expect them
  error: 1 plat 4 at (342): 'Unity_ReplaceColor_float': implicit truncation of vector type
  error: 1 plat 4 at (344): 'Unity_ReplaceColor_float': implicit truncation of vector type
  error: 1 plat 4 at (346): 'Unity_ReplaceColor_float': implicit truncation of vector type
  error: 1 plat 4 at (348): 'Unity_ReplaceColor_float': implicit truncation of vector type
  error: 1 plat 4 at (350): 'Unity_ReplaceColor_float': implicit truncation of vector type
  error: 1 plat 4 at (353): 'Unity_ReplaceColor_float': implicit truncation of vector type
  error: 1 plat 4 at C:/Users/FullGamers/Desktop/unity/Upwards/Upwards/Library/PackageCache/com.jimmycushnie.noisynodes@1f212c2688/NoiseShader/HLSL/NoiseUtils.hlsl(77): implicit truncation of vector type
  error: 1 plat 4 at C:/Users/FullGamers/Desktop/unity/Upwards/Upwards/Library/PackageCache/com.jimmycushnie.noisynodes@1f212c2688/NoiseShader/HLSL/SimplexNoise2D.hlsl(136): implicit truncation of vector type
 ok=1 outsize=10398

Cmd: compileSnippet
  insize=8402 file=/hidden/preview/Simplexnoise2D_d71deff360db48509d919b05ca308c87 pass=<Unnamed Pass 0> cachingPP=1 ppOnly=0 stripLineD=0 buildPlatform=19 rsLen=0 pKW=UNITY_ENABLE_REFLECTION_BUFFERS UNITY_USE_DITHER_MASK_FOR_ALPHABLENDED_SHADOWS UNITY_PBS_USE_BRDF1 UNITY_SPECCUBE_BOX_PROJECTION UNITY_SPECCUBE_BLENDING UNITY_ENABLE_DETAIL_NORMALMAP SHADER_API_DESKTOP UNITY_COLORSPACE_GAMMA UNITY_LIGHT_PROBE_PROXY_VOLUME UNITY_LIGHTMAP_FULL_HDR uKW= dKW=UNITY_NO_DXT5nm UNITY_FRAMEBUFFER_FETCH_AVAILABLE UNITY_ENABLE_NATIVE_SHADOW_LOOKUPS UNITY_METAL_SHADOWS_USE_POINT_FILTERING UNITY_NO_SCREENSPACE_SHADOWS UNITY_PBS_USE_BRDF2 UNITY_PBS_USE_BRDF3 UNITY_NO_FULL_STANDARD_SHADER UNITY_HARDWARE_TIER1 UNITY_HARDWARE_TIER2 UNITY_HARDWARE_TIER3 UNITY_HALF_PRECISION_FRAGMENT_SHADER_REGISTERS UNITY_LIGHTMAP_DLDR_ENCODING UNITY_LIGHTMAP_RGBM_ENCODING UNITY_VIRTUAL_TEXTURING UNITY_PRETRANSFORM_TO_DISPLAY_ORIENTATION UNITY_ASTC_NORMALMAP_ENCODING SHADER_API_GLES30 UNITY_UNIFIED_SHADER_PRECISION_MODEL flags=0 lang=3 type=Fragment platform=d3d11 reqs=33 mask=6 start=37  error: 1 plat 4 at C:/Users/FullGamers/Desktop/unity/Upwards/Upwards/Library/PackageCache/com.jimmycushnie.noisynodes@1f212c2688/NoiseShader/HLSL/NoiseUtils.hlsl(77): implicit truncation of vector type
  error: 1 plat 4 at C:/Users/FullGamers/Desktop/unity/Upwards/Upwards/Library/PackageCache/com.jimmycushnie.noisynodes@1f212c2688/NoiseShader/HLSL/SimplexNoise2D.hlsl(136): implicit truncation of vector type
 ok=1 outsize=2410

Cmd: compileSnippet
  insize=15411 file=/hidden/preview/ReplaceColor_2186e22a1c0d4ad6bf7031264c393e9f pass=<Unnamed Pass 0> cachingPP=1 ppOnly=0 stripLineD=0 buildPlatform=19 rsLen=0 pKW=UNITY_ENABLE_REFLECTION_BUFFERS UNITY_USE_DITHER_MASK_FOR_ALPHABLENDED_SHADOWS UNITY_PBS_USE_BRDF1 UNITY_SPECCUBE_BOX_PROJECTION UNITY_SPECCUBE_BLENDING UNITY_ENABLE_DETAIL_NORMALMAP SHADER_API_DESKTOP UNITY_COLORSPACE_GAMMA UNITY_LIGHT_PROBE_PROXY_VOLUME UNITY_LIGHTMAP_FULL_HDR uKW= dKW=UNITY_NO_DXT5nm UNITY_FRAMEBUFFER_FETCH_AVAILABLE UNITY_ENABLE_NATIVE_SHADOW_LOOKUPS UNITY_METAL_SHADOWS_USE_POINT_FILTERING UNITY_NO_SCREENSPACE_SHADOWS UNITY_PBS_USE_BRDF2 UNITY_PBS_USE_BRDF3 UNITY_NO_FULL_STANDARD_SHADER UNITY_HARDWARE_TIER1 UNITY_HARDWARE_TIER2 UNITY_HARDWARE_TIER3 UNITY_HALF_PRECISION_FRAGMENT_SHADER_REGISTERS UNITY_LIGHTMAP_DLDR_ENCODING UNITY_LIGHTMAP_RGBM_ENCODING UNITY_VIRTUAL_TEXTURING UNITY_PRETRANSFORM_TO_DISPLAY_ORIENTATION UNITY_ASTC_NORMALMAP_ENCODING SHADER_API_GLES30 UNITY_UNIFIED_SHADER_PRECISION_MODEL flags=0 lang=3 type=Vertex platform=d3d11 reqs=33 mask=6 start=37  error: 1 plat 4 at (325): 'Unity_ReplaceColor_float': implicit truncation of vector type
  error: 1 plat 4 at (327): 'Unity_ReplaceColor_float': implicit truncation of vector type
  error: 1 plat 4 at (329): 'Unity_ReplaceColor_float': implicit truncation of vector type
  error: 1 plat 4 at C:/Users/FullGamers/Desktop/unity/Upwards/Upwards/Library/PackageCache/com.jimmycushnie.noisynodes@1f212c2688/NoiseShader/HLSL/NoiseUtils.hlsl(77): implicit truncation of vector type
  error: 1 plat 4 at C:/Users/FullGamers/Desktop/unity/Upwards/Upwards/Library/PackageCache/com.jimmycushnie.noisynodes@1f212c2688/NoiseShader/HLSL/SimplexNoise2D.hlsl(136): implicit truncation of vector type
 ok=1 outsize=626

Cmd: compileSnippet
  insize=20623 file=/Master pass=Sprite Unlit cachingPP=1 ppOnly=0 stripLineD=0 buildPlatform=19 rsLen=0 pKW=UNITY_ENABLE_REFLECTION_BUFFERS UNITY_USE_DITHER_MASK_FOR_ALPHABLENDED_SHADOWS UNITY_PBS_USE_BRDF1 UNITY_SPECCUBE_BOX_PROJECTION UNITY_SPECCUBE_BLENDING UNITY_ENABLE_DETAIL_NORMALMAP SHADER_API_DESKTOP UNITY_COLORSPACE_GAMMA UNITY_LIGHT_PROBE_PROXY_VOLUME UNITY_LIGHTMAP_FULL_HDR uKW= dKW=UNITY_NO_DXT5nm UNITY_FRAMEBUFFER_FETCH_AVAILABLE UNITY_ENABLE_NATIVE_SHADOW_LOOKUPS UNITY_METAL_SHADOWS_USE_POINT_FILTERING UNITY_NO_SCREENSPACE_SHADOWS UNITY_PBS_USE_BRDF2 UNITY_PBS_USE_BRDF3 UNITY_NO_FULL_STANDARD_SHADER UNITY_HARDWARE_TIER1 UNITY_HARDWARE_TIER2 UNITY_HARDWARE_TIER3 UNITY_HALF_PRECISION_FRAGMENT_SHADER_REGISTERS UNITY_LIGHTMAP_DLDR_ENCODING UNITY_LIGHTMAP_RGBM_ENCODING UNITY_VIRTUAL_TEXTURING UNITY_PRETRANSFORM_TO_DISPLAY_ORIENTATION UNITY_ASTC_NORMALMAP_ENCODING SHADER_API_GLES30 UNITY_UNIFIED_SHADER_PRECISION_MODEL flags=0 lang=3 type=Vertex platform=d3d11 reqs=1 mask=6 start=497  error: 1 plat 4 at (868): 'Unity_ReplaceColor_float': implicit truncation of vector type
  error: 1 plat 4 at (870): 'Unity_ReplaceColor_float': implicit truncation of vector type
  error: 1 plat 4 at (872): 'Unity_ReplaceColor_float': implicit truncation of vector type
  error: 1 plat 4 at (874): 'Unity_ReplaceColor_float': implicit truncation of vector type
  error: 1 plat 4 at (876): 'Unity_ReplaceColor_float': implicit truncation of vector type
  error: 1 plat 4 at (879): 'Unity_ReplaceColor_float': implicit truncation of vector type
  error: 1 plat 4 at C:/Users/FullGamers/Desktop/unity/Upwards/Upwards/Library/PackageCache/com.jimmycushnie.noisynodes@1f212c2688/NoiseShader/HLSL/NoiseUtils.hlsl(77): implicit truncation of vector type
  error: 1 plat 4 at C:/Users/FullGamers/Desktop/unity/Upwards/Upwards/Library/PackageCache/com.jimmycushnie.noisynodes@1f212c2688/NoiseShader/HLSL/SimplexNoise2D.hlsl(136): implicit truncation of vector type
 ok=1 outsize=886

Cmd: compileSnippet
  insize=15129 file=/hidden/preview/ReplaceColor_b4ecf30db74343eaadbe33229d2783a1 pass=<Unnamed Pass 0> cachingPP=1 ppOnly=0 stripLineD=0 buildPlatform=19 rsLen=0 pKW=UNITY_ENABLE_REFLECTION_BUFFERS UNITY_USE_DITHER_MASK_FOR_ALPHABLENDED_SHADOWS UNITY_PBS_USE_BRDF1 UNITY_SPECCUBE_BOX_PROJECTION UNITY_SPECCUBE_BLENDING UNITY_ENABLE_DETAIL_NORMALMAP SHADER_API_DESKTOP UNITY_COLORSPACE_GAMMA UNITY_LIGHT_PROBE_PROXY_VOLUME UNITY_LIGHTMAP_FULL_HDR uKW= dKW=UNITY_NO_DXT5nm UNITY_FRAMEBUFFER_FETCH_AVAILABLE UNITY_ENABLE_NATIVE_SHADOW_LOOKUPS UNITY_METAL_SHADOWS_USE_POINT_FILTERING UNITY_NO_SCREENSPACE_SHADOWS UNITY_PBS_USE_BRDF2 UNITY_PBS_USE_BRDF3 UNITY_NO_FULL_STANDARD_SHADER UNITY_HARDWARE_TIER1 UNITY_HARDWARE_TIER2 UNITY_HARDWARE_TIER3 UNITY_HALF_PRECISION_FRAGMENT_SHADER_REGISTERS UNITY_LIGHTMAP_DLDR_ENCODING UNITY_LIGHTMAP_RGBM_ENCODING UNITY_VIRTUAL_TEXTURING UNITY_PRETRANSFORM_TO_DISPLAY_ORIENTATION UNITY_ASTC_NORMALMAP_ENCODING SHADER_API_GLES30 UNITY_UNIFIED_SHADER_PRECISION_MODEL flags=0 lang=3 type=Fragment platform=d3d11 reqs=33 mask=6 start=37  error: 1 plat 4 at (206): pow(f, e) will not work for negative f, use abs(f) or conditionally handle negative values if you expect them
  error: 1 plat 4 at (323): 'Unity_ReplaceColor_float': implicit truncation of vector type
  error: 1 plat 4 at (325): 'Unity_ReplaceColor_float': implicit truncation of vector type
  error: 1 plat 4 at C:/Users/FullGamers/Desktop/unity/Upwards/Upwards/Library/PackageCache/com.jimmycushnie.noisynodes@1f212c2688/NoiseShader/HLSL/NoiseUtils.hlsl(77): implicit truncation of vector type
  error: 1 plat 4 at C:/Users/FullGamers/Desktop/unity/Upwards/Upwards/Library/PackageCache/com.jimmycushnie.noisynodes@1f212c2688/NoiseShader/HLSL/SimplexNoise2D.hlsl(136): implicit truncation of vector type
 ok=1 outsize=7438

Cmd: compileSnippet
  insize=13821 file=/hidden/preview/Posterize_b63103da69bc4c22a7e37a35af99d923 pass=<Unnamed Pass 0> cachingPP=1 ppOnly=0 stripLineD=0 buildPlatform=19 rsLen=0 pKW=UNITY_ENABLE_REFLECTION_BUFFERS UNITY_USE_DITHER_MASK_FOR_ALPHABLENDED_SHADOWS UNITY_PBS_USE_BRDF1 UNITY_SPECCUBE_BOX_PROJECTION UNITY_SPECCUBE_BLENDING UNITY_ENABLE_DETAIL_NORMALMAP SHADER_API_DESKTOP UNITY_COLORSPACE_GAMMA UNITY_LIGHT_PROBE_PROXY_VOLUME UNITY_LIGHTMAP_FULL_HDR uKW= dKW=UNITY_NO_DXT5nm UNITY_FRAMEBUFFER_FETCH_AVAILABLE UNITY_ENABLE_NATIVE_SHADOW_LOOKUPS UNITY_METAL_SHADOWS_USE_POINT_FILTERING UNITY_NO_SCREENSPACE_SHADOWS UNITY_PBS_USE_BRDF2 UNITY_PBS_USE_BRDF3 UNITY_NO_FULL_STANDARD_SHADER UNITY_HARDWARE_TIER1 UNITY_HARDWARE_TIER2 UNITY_HARDWARE_TIER3 UNITY_HALF_PRECISION_FRAGMENT_SHADER_REGISTERS UNITY_LIGHTMAP_DLDR_ENCODING UNITY_LIGHTMAP_RGBM_ENCODING UNITY_VIRTUAL_TEXTURING UNITY_PRETRANSFORM_TO_DISPLAY_ORIENTATION UNITY_ASTC_NORMALMAP_ENCODING SHADER_API_GLES30 UNITY_UNIFIED_SHADER_PRECISION_MODEL flags=0 lang=3 type=Fragment platform=d3d11 reqs=33 mask=6 start=37  error: 1 plat 4 at (199): pow(f, e) will not work for negative f, use abs(f) or conditionally handle negative values if you expect them
  error: 1 plat 4 at C:/Users/FullGamers/Desktop/unity/Upwards/Upwards/Library/PackageCache/com.jimmycushnie.noisynodes@1f212c2688/NoiseShader/HLSL/NoiseUtils.hlsl(77): implicit truncation of vector type
  error: 1 plat 4 at C:/Users/FullGamers/Desktop/unity/Upwards/Upwards/Library/PackageCache/com.jimmycushnie.noisynodes@1f212c2688/NoiseShader/HLSL/SimplexNoise2D.hlsl(136): implicit truncation of vector type
 ok=1 outsize=8830

Cmd: compileSnippet
  insize=10922 file=/hidden/preview/Add_69fc71a8f8b44ca3afd3a0ebc8859390 pass=<Unnamed Pass 0> cachingPP=1 ppOnly=0 stripLineD=0 buildPlatform=19 rsLen=0 pKW=UNITY_ENABLE_REFLECTION_BUFFERS UNITY_USE_DITHER_MASK_FOR_ALPHABLENDED_SHADOWS UNITY_PBS_USE_BRDF1 UNITY_SPECCUBE_BOX_PROJECTION UNITY_SPECCUBE_BLENDING UNITY_ENABLE_DETAIL_NORMALMAP SHADER_API_DESKTOP UNITY_COLORSPACE_GAMMA UNITY_LIGHT_PROBE_PROXY_VOLUME UNITY_LIGHTMAP_FULL_HDR uKW= dKW=UNITY_NO_DXT5nm UNITY_FRAMEBUFFER_FETCH_AVAILABLE UNITY_ENABLE_NATIVE_SHADOW_LOOKUPS UNITY_METAL_SHADOWS_USE_POINT_FILTERING UNITY_NO_SCREENSPACE_SHADOWS UNITY_PBS_USE_BRDF2 UNITY_PBS_USE_BRDF3 UNITY_NO_FULL_STANDARD_SHADER UNITY_HARDWARE_TIER1 UNITY_HARDWARE_TIER2 UNITY_HARDWARE_TIER3 UNITY_HALF_PRECISION_FRAGMENT_SHADER_REGISTERS UNITY_LIGHTMAP_DLDR_ENCODING UNITY_LIGHTMAP_RGBM_ENCODING UNITY_VIRTUAL_TEXTURING UNITY_PRETRANSFORM_TO_DISPLAY_ORIENTATION UNITY_ASTC_NORMALMAP_ENCODING SHADER_API_GLES30 UNITY_UNIFIED_SHADER_PRECISION_MODEL flags=0 lang=3 type=Fragment platform=d3d11 reqs=33 mask=6 start=37  error: 1 plat 4 at C:/Users/FullGamers/Desktop/unity/Upwards/Upwards/Library/PackageCache/com.jimmycushnie.noisynodes@1f212c2688/NoiseShader/HLSL/NoiseUtils.hlsl(77): implicit truncation of vector type
  error: 1 plat 4 at C:/Users/FullGamers/Desktop/unity/Upwards/Upwards/Library/PackageCache/com.jimmycushnie.noisynodes@1f212c2688/NoiseShader/HLSL/SimplexNoise2D.hlsl(136): implicit truncation of vector type
 ok=1 outsize=8330

Cmd: compileSnippet
  insize=20236 file=/Master pass=Sprite Unlit cachingPP=1 ppOnly=0 stripLineD=0 buildPlatform=19 rsLen=0 pKW=UNITY_ENABLE_REFLECTION_BUFFERS UNITY_USE_DITHER_MASK_FOR_ALPHABLENDED_SHADOWS UNITY_PBS_USE_BRDF1 UNITY_SPECCUBE_BOX_PROJECTION UNITY_SPECCUBE_BLENDING UNITY_ENABLE_DETAIL_NORMALMAP SHADER_API_DESKTOP UNITY_COLORSPACE_GAMMA UNITY_LIGHT_PROBE_PROXY_VOLUME UNITY_LIGHTMAP_FULL_HDR uKW= dKW=DEBUG_DISPLAY UNITY_NO_DXT5nm UNITY_FRAMEBUFFER_FETCH_AVAILABLE UNITY_ENABLE_NATIVE_SHADOW_LOOKUPS UNITY_METAL_SHADOWS_USE_POINT_FILTERING UNITY_NO_SCREENSPACE_SHADOWS UNITY_PBS_USE_BRDF2 UNITY_PBS_USE_BRDF3 UNITY_NO_FULL_STANDARD_SHADER UNITY_HARDWARE_TIER1 UNITY_HARDWARE_TIER2 UNITY_HARDWARE_TIER3 UNITY_HALF_PRECISION_FRAGMENT_SHADER_REGISTERS UNITY_LIGHTMAP_DLDR_ENCODING UNITY_LIGHTMAP_RGBM_ENCODING UNITY_VIRTUAL_TEXTURING UNITY_PRETRANSFORM_TO_DISPLAY_ORIENTATION UNITY_ASTC_NORMALMAP_ENCODING SHADER_API_GLES30 UNITY_UNIFIED_SHADER_PRECISION_MODEL flags=0 lang=3 type=Fragment platform=d3d11 reqs=1 mask=6 start=495  error: 1 plat 4 at (729): pow(f, e) will not work for negative f, use abs(f) or conditionally handle negative values if you expect them
  error: 1 plat 4 at (864): 'Unity_ReplaceColor_float': implicit truncation of vector type
  error: 1 plat 4 at (866): 'Unity_ReplaceColor_float': implicit truncation of vector type
  error: 1 plat 4 at (868): 'Unity_ReplaceColor_float': implicit truncation of vector type
  error: 1 plat 4 at (870): 'Unity_ReplaceColor_float': implicit truncation of vector type
  error: 1 plat 4 at (872): 'Unity_ReplaceColor_float': implicit truncation of vector type
  error: 1 plat 4 at (875): 'Unity_ReplaceColor_float': implicit truncation of vector type
  error: 1 plat 4 at C:/Users/FullGamers/Desktop/unity/Upwards/Upwards/Library/PackageCache/com.jimmycushnie.noisynodes@1f212c2688/NoiseShader/HLSL/NoiseUtils.hlsl(77): implicit truncation of vector type
  error: 1 plat 4 at C:/Users/FullGamers/Desktop/unity/Upwards/Upwards/Library/PackageCache/com.jimmycushnie.noisynodes@1f212c2688/NoiseShader/HLSL/SimplexNoise2D.hlsl(136): implicit truncation of vector type
 ok=1 outsize=8382

Cmd: compileSnippet
  insize=14073 file=/hidden/preview/ReplaceColor_e61982c239554420bbc7a1e2d85df4ff pass=<Unnamed Pass 0> cachingPP=1 ppOnly=0 stripLineD=0 buildPlatform=19 rsLen=0 pKW=UNITY_ENABLE_REFLECTION_BUFFERS UNITY_USE_DITHER_MASK_FOR_ALPHABLENDED_SHADOWS UNITY_PBS_USE_BRDF1 UNITY_SPECCUBE_BOX_PROJECTION UNITY_SPECCUBE_BLENDING UNITY_ENABLE_DETAIL_NORMALMAP SHADER_API_DESKTOP UNITY_COLORSPACE_GAMMA UNITY_LIGHT_PROBE_PROXY_VOLUME UNITY_LIGHTMAP_FULL_HDR uKW= dKW=UNITY_NO_DXT5nm UNITY_FRAMEBUFFER_FETCH_AVAILABLE UNITY_ENABLE_NATIVE_SHADOW_LOOKUPS UNITY_METAL_SHADOWS_USE_POINT_FILTERING UNITY_NO_SCREENSPACE_SHADOWS UNITY_PBS_USE_BRDF2 UNITY_PBS_USE_BRDF3 UNITY_NO_FULL_STANDARD_SHADER UNITY_HARDWARE_TIER1 UNITY_HARDWARE_TIER2 UNITY_HARDWARE_TIER3 UNITY_HALF_PRECISION_FRAGMENT_SHADER_REGISTERS UNITY_LIGHTMAP_DLDR_ENCODING UNITY_LIGHTMAP_RGBM_ENCODING UNITY_VIRTUAL_TEXTURING UNITY_PRETRANSFORM_TO_DISPLAY_ORIENTATION UNITY_ASTC_NORMALMAP_ENCODING SHADER_API_GLES30 UNITY_UNIFIED_SHADER_PRECISION_MODEL flags=0 lang=3 type=Vertex platform=d3d11 reqs=33 mask=6 start=37  error: 1 plat 4 at (317): 'Unity_ReplaceColor_float': implicit truncation of vector type
  error: 1 plat 4 at C:/Users/FullGamers/Desktop/unity/Upwards/Upwards/Library/PackageCache/com.jimmycushnie.noisynodes@1f212c2688/NoiseShader/HLSL/NoiseUtils.hlsl(77): implicit truncation of vector type
  error: 1 plat 4 at C:/Users/FullGamers/Desktop/unity/Upwards/Upwards/Library/PackageCache/com.jimmycushnie.noisynodes@1f212c2688/NoiseShader/HLSL/SimplexNoise2D.hlsl(136): implicit truncation of vector type
 ok=1 outsize=626

Cmd: compileSnippet
  insize=8402 file=/hidden/preview/Simplexnoise2D_1d6f132651cc4afa89057bf77232d262 pass=<Unnamed Pass 0> cachingPP=1 ppOnly=0 stripLineD=0 buildPlatform=19 rsLen=0 pKW=UNITY_ENABLE_REFLECTION_BUFFERS UNITY_USE_DITHER_MASK_FOR_ALPHABLENDED_SHADOWS UNITY_PBS_USE_BRDF1 UNITY_SPECCUBE_BOX_PROJECTION UNITY_SPECCUBE_BLENDING UNITY_ENABLE_DETAIL_NORMALMAP SHADER_API_DESKTOP UNITY_COLORSPACE_GAMMA UNITY_LIGHT_PROBE_PROXY_VOLUME UNITY_LIGHTMAP_FULL_HDR uKW= dKW=UNITY_NO_DXT5nm UNITY_FRAMEBUFFER_FETCH_AVAILABLE UNITY_ENABLE_NATIVE_SHADOW_LOOKUPS UNITY_METAL_SHADOWS_USE_POINT_FILTERING UNITY_NO_SCREENSPACE_SHADOWS UNITY_PBS_USE_BRDF2 UNITY_PBS_USE_BRDF3 UNITY_NO_FULL_STANDARD_SHADER UNITY_HARDWARE_TIER1 UNITY_HARDWARE_TIER2 UNITY_HARDWARE_TIER3 UNITY_HALF_PRECISION_FRAGMENT_SHADER_REGISTERS UNITY_LIGHTMAP_DLDR_ENCODING UNITY_LIGHTMAP_RGBM_ENCODING UNITY_VIRTUAL_TEXTURING UNITY_PRETRANSFORM_TO_DISPLAY_ORIENTATION UNITY_ASTC_NORMALMAP_ENCODING SHADER_API_GLES30 UNITY_UNIFIED_SHADER_PRECISION_MODEL flags=0 lang=3 type=Fragment platform=d3d11 reqs=33 mask=6 start=37  error: 1 plat 4 at C:/Users/FullGamers/Desktop/unity/Upwards/Upwards/Library/PackageCache/com.jimmycushnie.noisynodes@1f212c2688/NoiseShader/HLSL/NoiseUtils.hlsl(77): implicit truncation of vector type
  error: 1 plat 4 at C:/Users/FullGamers/Desktop/unity/Upwards/Upwards/Library/PackageCache/com.jimmycushnie.noisynodes@1f212c2688/NoiseShader/HLSL/SimplexNoise2D.hlsl(136): implicit truncation of vector type
 ok=1 outsize=2410

Cmd: compileSnippet
  insize=10218 file=/hidden/preview/Divide_0e0d7c049078433d8e205b8368db7ec5 pass=<Unnamed Pass 0> cachingPP=1 ppOnly=0 stripLineD=0 buildPlatform=19 rsLen=0 pKW=UNITY_ENABLE_REFLECTION_BUFFERS UNITY_USE_DITHER_MASK_FOR_ALPHABLENDED_SHADOWS UNITY_PBS_USE_BRDF1 UNITY_SPECCUBE_BOX_PROJECTION UNITY_SPECCUBE_BLENDING UNITY_ENABLE_DETAIL_NORMALMAP SHADER_API_DESKTOP UNITY_COLORSPACE_GAMMA UNITY_LIGHT_PROBE_PROXY_VOLUME UNITY_LIGHTMAP_FULL_HDR uKW= dKW=UNITY_NO_DXT5nm UNITY_FRAMEBUFFER_FETCH_AVAILABLE UNITY_ENABLE_NATIVE_SHADOW_LOOKUPS UNITY_METAL_SHADOWS_USE_POINT_FILTERING UNITY_NO_SCREENSPACE_SHADOWS UNITY_PBS_USE_BRDF2 UNITY_PBS_USE_BRDF3 UNITY_NO_FULL_STANDARD_SHADER UNITY_HARDWARE_TIER1 UNITY_HARDWARE_TIER2 UNITY_HARDWARE_TIER3 UNITY_HALF_PRECISION_FRAGMENT_SHADER_REGISTERS UNITY_LIGHTMAP_DLDR_ENCODING UNITY_LIGHTMAP_RGBM_ENCODING UNITY_VIRTUAL_TEXTURING UNITY_PRETRANSFORM_TO_DISPLAY_ORIENTATION UNITY_ASTC_NORMALMAP_ENCODING SHADER_API_GLES30 UNITY_UNIFIED_SHADER_PRECISION_MODEL flags=0 lang=3 type=Fragment platform=d3d11 reqs=33 mask=6 start=37  error: 1 plat 4 at C:/Users/FullGamers/Desktop/unity/Upwards/Upwards/Library/PackageCache/com.jimmycushnie.noisynodes@1f212c2688/NoiseShader/HLSL/NoiseUtils.hlsl(77): implicit truncation of vector type
  error: 1 plat 4 at C:/Users/FullGamers/Desktop/unity/Upwards/Upwards/Library/PackageCache/com.jimmycushnie.noisynodes@1f212c2688/NoiseShader/HLSL/SimplexNoise2D.hlsl(136): implicit truncation of vector type
 ok=1 outsize=4514

Cmd: compileSnippet
  insize=8402 file=/hidden/preview/Simplexnoise2D_31a2e89e9fe14708a4505201c53253a1 pass=<Unnamed Pass 0> cachingPP=1 ppOnly=0 stripLineD=0 buildPlatform=19 rsLen=0 pKW=UNITY_ENABLE_REFLECTION_BUFFERS UNITY_USE_DITHER_MASK_FOR_ALPHABLENDED_SHADOWS UNITY_PBS_USE_BRDF1 UNITY_SPECCUBE_BOX_PROJECTION UNITY_SPECCUBE_BLENDING UNITY_ENABLE_DETAIL_NORMALMAP SHADER_API_DESKTOP UNITY_COLORSPACE_GAMMA UNITY_LIGHT_PROBE_PROXY_VOLUME UNITY_LIGHTMAP_FULL_HDR uKW= dKW=UNITY_NO_DXT5nm UNITY_FRAMEBUFFER_FETCH_AVAILABLE UNITY_ENABLE_NATIVE_SHADOW_LOOKUPS UNITY_METAL_SHADOWS_USE_POINT_FILTERING UNITY_NO_SCREENSPACE_SHADOWS UNITY_PBS_USE_BRDF2 UNITY_PBS_USE_BRDF3 UNITY_NO_FULL_STANDARD_SHADER UNITY_HARDWARE_TIER1 UNITY_HARDWARE_TIER2 UNITY_HARDWARE_TIER3 UNITY_HALF_PRECISION_FRAGMENT_SHADER_REGISTERS UNITY_LIGHTMAP_DLDR_ENCODING UNITY_LIGHTMAP_RGBM_ENCODING UNITY_VIRTUAL_TEXTURING UNITY_PRETRANSFORM_TO_DISPLAY_ORIENTATION UNITY_ASTC_NORMALMAP_ENCODING SHADER_API_GLES30 UNITY_UNIFIED_SHADER_PRECISION_MODEL flags=0 lang=3 type=Fragment platform=d3d11 reqs=33 mask=6 start=37  error: 1 plat 4 at C:/Users/FullGamers/Desktop/unity/Upwards/Upwards/Library/PackageCache/com.jimmycushnie.noisynodes@1f212c2688/NoiseShader/HLSL/NoiseUtils.hlsl(77): implicit truncation of vector type
  error: 1 plat 4 at C:/Users/FullGamers/Desktop/unity/Upwards/Upwards/Library/PackageCache/com.jimmycushnie.noisynodes@1f212c2688/NoiseShader/HLSL/SimplexNoise2D.hlsl(136): implicit truncation of vector type
 ok=1 outsize=2410

Cmd: compileSnippet
  insize=13434 file=/hidden/preview/Posterize_b63103da69bc4c22a7e37a35af99d923 pass=<Unnamed Pass 0> cachingPP=1 ppOnly=0 stripLineD=0 buildPlatform=19 rsLen=0 pKW=UNITY_ENABLE_REFLECTION_BUFFERS UNITY_USE_DITHER_MASK_FOR_ALPHABLENDED_SHADOWS UNITY_PBS_USE_BRDF1 UNITY_SPECCUBE_BOX_PROJECTION UNITY_SPECCUBE_BLENDING UNITY_ENABLE_DETAIL_NORMALMAP SHADER_API_DESKTOP UNITY_COLORSPACE_GAMMA UNITY_LIGHT_PROBE_PROXY_VOLUME UNITY_LIGHTMAP_FULL_HDR uKW= dKW=UNITY_NO_DXT5nm UNITY_FRAMEBUFFER_FETCH_AVAILABLE UNITY_ENABLE_NATIVE_SHADOW_LOOKUPS UNITY_METAL_SHADOWS_USE_POINT_FILTERING UNITY_NO_SCREENSPACE_SHADOWS UNITY_PBS_USE_BRDF2 UNITY_PBS_USE_BRDF3 UNITY_NO_FULL_STANDARD_SHADER UNITY_HARDWARE_TIER1 UNITY_HARDWARE_TIER2 UNITY_HARDWARE_TIER3 UNITY_HALF_PRECISION_FRAGMENT_SHADER_REGISTERS UNITY_LIGHTMAP_DLDR_ENCODING UNITY_LIGHTMAP_RGBM_ENCODING UNITY_VIRTUAL_TEXTURING UNITY_PRETRANSFORM_TO_DISPLAY_ORIENTATION UNITY_ASTC_NORMALMAP_ENCODING SHADER_API_GLES30 UNITY_UNIFIED_SHADER_PRECISION_MODEL flags=0 lang=3 type=Fragment platform=d3d11 reqs=33 mask=6 start=37  error: 1 plat 4 at (200): pow(f, e) will not work for negative f, use abs(f) or conditionally handle negative values if you expect them
  error: 1 plat 4 at C:/Users/FullGamers/Desktop/unity/Upwards/Upwards/Library/PackageCache/com.jimmycushnie.noisynodes@1f212c2688/NoiseShader/HLSL/NoiseUtils.hlsl(77): implicit truncation of vector type
  error: 1 plat 4 at C:/Users/FullGamers/Desktop/unity/Upwards/Upwards/Library/PackageCache/com.jimmycushnie.noisynodes@1f212c2688/NoiseShader/HLSL/SimplexNoise2D.hlsl(136): implicit truncation of vector type
 ok=1 outsize=6822

Cmd: compileSnippet
  insize=20905 file=/Master pass=Sprite Unlit cachingPP=1 ppOnly=0 stripLineD=0 buildPlatform=19 rsLen=0 pKW=UNITY_ENABLE_REFLECTION_BUFFERS UNITY_USE_DITHER_MASK_FOR_ALPHABLENDED_SHADOWS UNITY_PBS_USE_BRDF1 UNITY_SPECCUBE_BOX_PROJECTION UNITY_SPECCUBE_BLENDING UNITY_ENABLE_DETAIL_NORMALMAP SHADER_API_DESKTOP UNITY_COLORSPACE_GAMMA UNITY_LIGHT_PROBE_PROXY_VOLUME UNITY_LIGHTMAP_FULL_HDR uKW= dKW=UNITY_NO_DXT5nm UNITY_FRAMEBUFFER_FETCH_AVAILABLE UNITY_ENABLE_NATIVE_SHADOW_LOOKUPS UNITY_METAL_SHADOWS_USE_POINT_FILTERING UNITY_NO_SCREENSPACE_SHADOWS UNITY_PBS_USE_BRDF2 UNITY_PBS_USE_BRDF3 UNITY_NO_FULL_STANDARD_SHADER UNITY_HARDWARE_TIER1 UNITY_HARDWARE_TIER2 UNITY_HARDWARE_TIER3 UNITY_HALF_PRECISION_FRAGMENT_SHADER_REGISTERS UNITY_LIGHTMAP_DLDR_ENCODING UNITY_LIGHTMAP_RGBM_ENCODING UNITY_VIRTUAL_TEXTURING UNITY_PRETRANSFORM_TO_DISPLAY_ORIENTATION UNITY_ASTC_NORMALMAP_ENCODING SHADER_API_GLES30 UNITY_UNIFIED_SHADER_PRECISION_MODEL flags=0 lang=3 type=Vertex platform=d3d11 reqs=1 mask=6 start=45  error: 1 plat 4 at (419): 'Unity_ReplaceColor_float': implicit truncation of vector type
  error: 1 plat 4 at (421): 'Unity_ReplaceColor_float': implicit truncation of vector type
  error: 1 plat 4 at (423): 'Unity_ReplaceColor_float': implicit truncation of vector type
  error: 1 plat 4 at (425): 'Unity_ReplaceColor_float': implicit truncation of vector type
  error: 1 plat 4 at (427): 'Unity_ReplaceColor_float': implicit truncation of vector type
  error: 1 plat 4 at (430): 'Unity_ReplaceColor_float': implicit truncation of vector type
  error: 1 plat 4 at C:/Users/FullGamers/Desktop/unity/Upwards/Upwards/Library/PackageCache/com.jimmycushnie.noisynodes@1f212c2688/NoiseShader/HLSL/NoiseUtils.hlsl(77): implicit truncation of vector type
  error: 1 plat 4 at C:/Users/FullGamers/Desktop/unity/Upwards/Upwards/Library/PackageCache/com.jimmycushnie.noisynodes@1f212c2688/NoiseShader/HLSL/SimplexNoise2D.hlsl(136): implicit truncation of vector type
 ok=1 outsize=886

Cmd: compileSnippet
  insize=17422 file=/hidden/preview/ReplaceColor_de334810d487401885c51f1af0730bfd pass=<Unnamed Pass 0> cachingPP=1 ppOnly=0 stripLineD=0 buildPlatform=19 rsLen=0 pKW=UNITY_ENABLE_REFLECTION_BUFFERS UNITY_USE_DITHER_MASK_FOR_ALPHABLENDED_SHADOWS UNITY_PBS_USE_BRDF1 UNITY_SPECCUBE_BOX_PROJECTION UNITY_SPECCUBE_BLENDING UNITY_ENABLE_DETAIL_NORMALMAP SHADER_API_DESKTOP UNITY_COLORSPACE_GAMMA UNITY_LIGHT_PROBE_PROXY_VOLUME UNITY_LIGHTMAP_FULL_HDR uKW= dKW=UNITY_NO_DXT5nm UNITY_FRAMEBUFFER_FETCH_AVAILABLE UNITY_ENABLE_NATIVE_SHADOW_LOOKUPS UNITY_METAL_SHADOWS_USE_POINT_FILTERING UNITY_NO_SCREENSPACE_SHADOWS UNITY_PBS_USE_BRDF2 UNITY_PBS_USE_BRDF3 UNITY_NO_FULL_STANDARD_SHADER UNITY_HARDWARE_TIER1 UNITY_HARDWARE_TIER2 UNITY_HARDWARE_TIER3 UNITY_HALF_PRECISION_FRAGMENT_SHADER_REGISTERS UNITY_LIGHTMAP_DLDR_ENCODING UNITY_LIGHTMAP_RGBM_ENCODING UNITY_VIRTUAL_TEXTURING UNITY_PRETRANSFORM_TO_DISPLAY_ORIENTATION UNITY_ASTC_NORMALMAP_ENCODING SHADER_API_GLES30 UNITY_UNIFIED_SHADER_PRECISION_MODEL flags=0 lang=3 type=Fragment platform=d3d11 reqs=33 mask=6 start=37  error: 1 plat 4 at (219): pow(f, e) will not work for negative f, use abs(f) or conditionally handle negative values if you expect them
  error: 1 plat 4 at (338): 'Unity_ReplaceColor_float': implicit truncation of vector type
  error: 1 plat 4 at (340): 'Unity_ReplaceColor_float': implicit truncation of vector type
  error: 1 plat 4 at (342): 'Unity_ReplaceColor_float': implicit truncation of vector type
  error: 1 plat 4 at (344): 'Unity_ReplaceColor_float': implicit truncation of vector type
  error: 1 plat 4 at (346): 'Unity_ReplaceColor_float': implicit truncation of vector type
  error: 1 plat 4 at C:/Users/FullGamers/Desktop/unity/Upwards/Upwards/Library/PackageCache/com.jimmycushnie.noisynodes@1f212c2688/NoiseShader/HLSL/NoiseUtils.hlsl(77): implicit truncation of vector type
  error: 1 plat 4 at C:/Users/FullGamers/Desktop/unity/Upwards/Upwards/Library/PackageCache/com.jimmycushnie.noisynodes@1f212c2688/NoiseShader/HLSL/SimplexNoise2D.hlsl(136): implicit truncation of vector type
 ok=1 outsize=8146

Cmd: compileSnippet
  insize=14746 file=/hidden/preview/ReplaceColor_e61982c239554420bbc7a1e2d85df4ff pass=<Unnamed Pass 0> cachingPP=1 ppOnly=0 stripLineD=0 buildPlatform=19 rsLen=0 pKW=UNITY_ENABLE_REFLECTION_BUFFERS UNITY_USE_DITHER_MASK_FOR_ALPHABLENDED_SHADOWS UNITY_PBS_USE_BRDF1 UNITY_SPECCUBE_BOX_PROJECTION UNITY_SPECCUBE_BLENDING UNITY_ENABLE_DETAIL_NORMALMAP SHADER_API_DESKTOP UNITY_COLORSPACE_GAMMA UNITY_LIGHT_PROBE_PROXY_VOLUME UNITY_LIGHTMAP_FULL_HDR uKW= dKW=UNITY_NO_DXT5nm UNITY_FRAMEBUFFER_FETCH_AVAILABLE UNITY_ENABLE_NATIVE_SHADOW_LOOKUPS UNITY_METAL_SHADOWS_USE_POINT_FILTERING UNITY_NO_SCREENSPACE_SHADOWS UNITY_PBS_USE_BRDF2 UNITY_PBS_USE_BRDF3 UNITY_NO_FULL_STANDARD_SHADER UNITY_HARDWARE_TIER1 UNITY_HARDWARE_TIER2 UNITY_HARDWARE_TIER3 UNITY_HALF_PRECISION_FRAGMENT_SHADER_REGISTERS UNITY_LIGHTMAP_DLDR_ENCODING UNITY_LIGHTMAP_RGBM_ENCODING UNITY_VIRTUAL_TEXTURING UNITY_PRETRANSFORM_TO_DISPLAY_ORIENTATION UNITY_ASTC_NORMALMAP_ENCODING SHADER_API_GLES30 UNITY_UNIFIED_SHADER_PRECISION_MODEL flags=0 lang=3 type=Vertex platform=d3d11 reqs=33 mask=6 start=37  error: 1 plat 4 at (322): 'Unity_ReplaceColor_float': implicit truncation of vector type
  error: 1 plat 4 at C:/Users/FullGamers/Desktop/unity/Upwards/Upwards/Library/PackageCache/com.jimmycushnie.noisynodes@1f212c2688/NoiseShader/HLSL/NoiseUtils.hlsl(77): implicit truncation of vector type
  error: 1 plat 4 at C:/Users/FullGamers/Desktop/unity/Upwards/Upwards/Library/PackageCache/com.jimmycushnie.noisynodes@1f212c2688/NoiseShader/HLSL/SimplexNoise2D.hlsl(136): implicit truncation of vector type
 ok=1 outsize=626

Cmd: compileSnippet
  insize=11278 file=/hidden/preview/Divide_0e0d7c049078433d8e205b8368db7ec5 pass=<Unnamed Pass 0> cachingPP=1 ppOnly=0 stripLineD=0 buildPlatform=19 rsLen=0 pKW=UNITY_ENABLE_REFLECTION_BUFFERS UNITY_USE_DITHER_MASK_FOR_ALPHABLENDED_SHADOWS UNITY_PBS_USE_BRDF1 UNITY_SPECCUBE_BOX_PROJECTION UNITY_SPECCUBE_BLENDING UNITY_ENABLE_DETAIL_NORMALMAP SHADER_API_DESKTOP UNITY_COLORSPACE_GAMMA UNITY_LIGHT_PROBE_PROXY_VOLUME UNITY_LIGHTMAP_FULL_HDR uKW= dKW=UNITY_NO_DXT5nm UNITY_FRAMEBUFFER_FETCH_AVAILABLE UNITY_ENABLE_NATIVE_SHADOW_LOOKUPS UNITY_METAL_SHADOWS_USE_POINT_FILTERING UNITY_NO_SCREENSPACE_SHADOWS UNITY_PBS_USE_BRDF2 UNITY_PBS_USE_BRDF3 UNITY_NO_FULL_STANDARD_SHADER UNITY_HARDWARE_TIER1 UNITY_HARDWARE_TIER2 UNITY_HARDWARE_TIER3 UNITY_HALF_PRECISION_FRAGMENT_SHADER_REGISTERS UNITY_LIGHTMAP_DLDR_ENCODING UNITY_LIGHTMAP_RGBM_ENCODING UNITY_VIRTUAL_TEXTURING UNITY_PRETRANSFORM_TO_DISPLAY_ORIENTATION UNITY_ASTC_NORMALMAP_ENCODING SHADER_API_GLES30 UNITY_UNIFIED_SHADER_PRECISION_MODEL flags=0 lang=3 type=Fragment platform=d3d11 reqs=33 mask=6 start=37  error: 1 plat 4 at C:/Users/FullGamers/Desktop/unity/Upwards/Upwards/Library/PackageCache/com.jimmycushnie.noisynodes@1f212c2688/NoiseShader/HLSL/NoiseUtils.hlsl(77): implicit truncation of vector type
  error: 1 plat 4 at C:/Users/FullGamers/Desktop/unity/Upwards/Upwards/Library/PackageCache/com.jimmycushnie.noisynodes@1f212c2688/NoiseShader/HLSL/SimplexNoise2D.hlsl(136): implicit truncation of vector type
 ok=1 outsize=6350

Cmd: compileSnippet
  insize=17422 file=/hidden/preview/ReplaceColor_de334810d487401885c51f1af0730bfd pass=<Unnamed Pass 0> cachingPP=1 ppOnly=0 stripLineD=0 buildPlatform=19 rsLen=0 pKW=UNITY_ENABLE_REFLECTION_BUFFERS UNITY_USE_DITHER_MASK_FOR_ALPHABLENDED_SHADOWS UNITY_PBS_USE_BRDF1 UNITY_SPECCUBE_BOX_PROJECTION UNITY_SPECCUBE_BLENDING UNITY_ENABLE_DETAIL_NORMALMAP SHADER_API_DESKTOP UNITY_COLORSPACE_GAMMA UNITY_LIGHT_PROBE_PROXY_VOLUME UNITY_LIGHTMAP_FULL_HDR uKW= dKW=UNITY_NO_DXT5nm UNITY_FRAMEBUFFER_FETCH_AVAILABLE UNITY_ENABLE_NATIVE_SHADOW_LOOKUPS UNITY_METAL_SHADOWS_USE_POINT_FILTERING UNITY_NO_SCREENSPACE_SHADOWS UNITY_PBS_USE_BRDF2 UNITY_PBS_USE_BRDF3 UNITY_NO_FULL_STANDARD_SHADER UNITY_HARDWARE_TIER1 UNITY_HARDWARE_TIER2 UNITY_HARDWARE_TIER3 UNITY_HALF_PRECISION_FRAGMENT_SHADER_REGISTERS UNITY_LIGHTMAP_DLDR_ENCODING UNITY_LIGHTMAP_RGBM_ENCODING UNITY_VIRTUAL_TEXTURING UNITY_PRETRANSFORM_TO_DISPLAY_ORIENTATION UNITY_ASTC_NORMALMAP_ENCODING SHADER_API_GLES30 UNITY_UNIFIED_SHADER_PRECISION_MODEL flags=0 lang=3 type=Fragment platform=d3d11 reqs=33 mask=6 start=37  error: 1 plat 4 at (219): pow(f, e) will not work for negative f, use abs(f) or conditionally handle negative values if you expect them
  error: 1 plat 4 at (338): 'Unity_ReplaceColor_float': implicit truncation of vector type
  error: 1 plat 4 at (340): 'Unity_ReplaceColor_float': implicit truncation of vector type
  error: 1 plat 4 at (342): 'Unity_ReplaceColor_float': implicit truncation of vector type
  error: 1 plat 4 at (344): 'Unity_ReplaceColor_float': implicit truncation of vector type
  error: 1 plat 4 at (346): 'Unity_ReplaceColor_float': implicit truncation of vector type
  error: 1 plat 4 at C:/Users/FullGamers/Desktop/unity/Upwards/Upwards/Library/PackageCache/com.jimmycushnie.noisynodes@1f212c2688/NoiseShader/HLSL/NoiseUtils.hlsl(77): implicit truncation of vector type
  error: 1 plat 4 at C:/Users/FullGamers/Desktop/unity/Upwards/Upwards/Library/PackageCache/com.jimmycushnie.noisynodes@1f212c2688/NoiseShader/HLSL/SimplexNoise2D.hlsl(136): implicit truncation of vector type
 ok=1 outsize=10178

Cmd: compileSnippet
  insize=5896 file=/hidden/preview/Position_deb296c86a484ff09201e9a0e77af7bc pass=<Unnamed Pass 0> cachingPP=1 ppOnly=0 stripLineD=0 buildPlatform=19 rsLen=0 pKW=UNITY_ENABLE_REFLECTION_BUFFERS UNITY_USE_DITHER_MASK_FOR_ALPHABLENDED_SHADOWS UNITY_PBS_USE_BRDF1 UNITY_SPECCUBE_BOX_PROJECTION UNITY_SPECCUBE_BLENDING UNITY_ENABLE_DETAIL_NORMALMAP SHADER_API_DESKTOP UNITY_COLORSPACE_GAMMA UNITY_LIGHT_PROBE_PROXY_VOLUME UNITY_LIGHTMAP_FULL_HDR uKW= dKW=UNITY_NO_DXT5nm UNITY_FRAMEBUFFER_FETCH_AVAILABLE UNITY_ENABLE_NATIVE_SHADOW_LOOKUPS UNITY_METAL_SHADOWS_USE_POINT_FILTERING UNITY_NO_SCREENSPACE_SHADOWS UNITY_PBS_USE_BRDF2 UNITY_PBS_USE_BRDF3 UNITY_NO_FULL_STANDARD_SHADER UNITY_HARDWARE_TIER1 UNITY_HARDWARE_TIER2 UNITY_HARDWARE_TIER3 UNITY_HALF_PRECISION_FRAGMENT_SHADER_REGISTERS UNITY_LIGHTMAP_DLDR_ENCODING UNITY_LIGHTMAP_RGBM_ENCODING UNITY_VIRTUAL_TEXTURING UNITY_PRETRANSFORM_TO_DISPLAY_ORIENTATION UNITY_ASTC_NORMALMAP_ENCODING SHADER_API_GLES30 UNITY_UNIFIED_SHADER_PRECISION_MODEL flags=0 lang=3 type=Vertex platform=d3d11 reqs=33 mask=6 start=35 ok=1 outsize=626

Cmd: compileSnippet
  insize=6140 file=/hidden/preview/Multiply_e7d886dfaaff43a39ec2796b25935c48 pass=<Unnamed Pass 0> cachingPP=1 ppOnly=0 stripLineD=0 buildPlatform=19 rsLen=0 pKW=UNITY_ENABLE_REFLECTION_BUFFERS UNITY_USE_DITHER_MASK_FOR_ALPHABLENDED_SHADOWS UNITY_PBS_USE_BRDF1 UNITY_SPECCUBE_BOX_PROJECTION UNITY_SPECCUBE_BLENDING UNITY_ENABLE_DETAIL_NORMALMAP SHADER_API_DESKTOP UNITY_COLORSPACE_GAMMA UNITY_LIGHT_PROBE_PROXY_VOLUME UNITY_LIGHTMAP_FULL_HDR uKW= dKW=UNITY_NO_DXT5nm UNITY_FRAMEBUFFER_FETCH_AVAILABLE UNITY_ENABLE_NATIVE_SHADOW_LOOKUPS UNITY_METAL_SHADOWS_USE_POINT_FILTERING UNITY_NO_SCREENSPACE_SHADOWS UNITY_PBS_USE_BRDF2 UNITY_PBS_USE_BRDF3 UNITY_NO_FULL_STANDARD_SHADER UNITY_HARDWARE_TIER1 UNITY_HARDWARE_TIER2 UNITY_HARDWARE_TIER3 UNITY_HALF_PRECISION_FRAGMENT_SHADER_REGISTERS UNITY_LIGHTMAP_DLDR_ENCODING UNITY_LIGHTMAP_RGBM_ENCODING UNITY_VIRTUAL_TEXTURING UNITY_PRETRANSFORM_TO_DISPLAY_ORIENTATION UNITY_ASTC_NORMALMAP_ENCODING SHADER_API_GLES30 UNITY_UNIFIED_SHADER_PRECISION_MODEL flags=0 lang=3 type=Fragment platform=d3d11 reqs=33 mask=6 start=35 ok=1 outsize=290

Cmd: compileSnippet
  insize=11020 file=/hidden/preview/Subtract_de4ec668de814b15ad6fac637188b2b6 pass=<Unnamed Pass 0> cachingPP=1 ppOnly=0 stripLineD=0 buildPlatform=19 rsLen=0 pKW=UNITY_ENABLE_REFLECTION_BUFFERS UNITY_USE_DITHER_MASK_FOR_ALPHABLENDED_SHADOWS UNITY_PBS_USE_BRDF1 UNITY_SPECCUBE_BOX_PROJECTION UNITY_SPECCUBE_BLENDING UNITY_ENABLE_DETAIL_NORMALMAP SHADER_API_DESKTOP UNITY_COLORSPACE_GAMMA UNITY_LIGHT_PROBE_PROXY_VOLUME UNITY_LIGHTMAP_FULL_HDR uKW= dKW=UNITY_NO_DXT5nm UNITY_FRAMEBUFFER_FETCH_AVAILABLE UNITY_ENABLE_NATIVE_SHADOW_LOOKUPS UNITY_METAL_SHADOWS_USE_POINT_FILTERING UNITY_NO_SCREENSPACE_SHADOWS UNITY_PBS_USE_BRDF2 UNITY_PBS_USE_BRDF3 UNITY_NO_FULL_STANDARD_SHADER UNITY_HARDWARE_TIER1 UNITY_HARDWARE_TIER2 UNITY_HARDWARE_TIER3 UNITY_HALF_PRECISION_FRAGMENT_SHADER_REGISTERS UNITY_LIGHTMAP_DLDR_ENCODING UNITY_LIGHTMAP_RGBM_ENCODING UNITY_VIRTUAL_TEXTURING UNITY_PRETRANSFORM_TO_DISPLAY_ORIENTATION UNITY_ASTC_NORMALMAP_ENCODING SHADER_API_GLES30 UNITY_UNIFIED_SHADER_PRECISION_MODEL flags=0 lang=3 type=Fragment platform=d3d11 reqs=33 mask=6 start=35  error: 1 plat 4 at C:/Users/FullGamers/Desktop/unity/Upwards/Upwards/Library/PackageCache/com.jimmycushnie.noisynodes@1f212c2688/NoiseShader/HLSL/NoiseUtils.hlsl(77): implicit truncation of vector type
  error: 1 plat 4 at C:/Users/FullGamers/Desktop/unity/Upwards/Upwards/Library/PackageCache/com.jimmycushnie.noisynodes@1f212c2688/NoiseShader/HLSL/SimplexNoise3D.hlsl(187): implicit truncation of vector type
 ok=1 outsize=7626

Cmd: compileSnippet
  insize=11620 file=/hidden/preview/OneMinus_c59d0a7d20274b948390cd4269c3526e pass=<Unnamed Pass 0> cachingPP=1 ppOnly=0 stripLineD=0 buildPlatform=19 rsLen=0 pKW=UNITY_ENABLE_REFLECTION_BUFFERS UNITY_USE_DITHER_MASK_FOR_ALPHABLENDED_SHADOWS UNITY_PBS_USE_BRDF1 UNITY_SPECCUBE_BOX_PROJECTION UNITY_SPECCUBE_BLENDING UNITY_ENABLE_DETAIL_NORMALMAP SHADER_API_DESKTOP UNITY_COLORSPACE_GAMMA UNITY_LIGHT_PROBE_PROXY_VOLUME UNITY_LIGHTMAP_FULL_HDR uKW= dKW=UNITY_NO_DXT5nm UNITY_FRAMEBUFFER_FETCH_AVAILABLE UNITY_ENABLE_NATIVE_SHADOW_LOOKUPS UNITY_METAL_SHADOWS_USE_POINT_FILTERING UNITY_NO_SCREENSPACE_SHADOWS UNITY_PBS_USE_BRDF2 UNITY_PBS_USE_BRDF3 UNITY_NO_FULL_STANDARD_SHADER UNITY_HARDWARE_TIER1 UNITY_HARDWARE_TIER2 UNITY_HARDWARE_TIER3 UNITY_HALF_PRECISION_FRAGMENT_SHADER_REGISTERS UNITY_LIGHTMAP_DLDR_ENCODING UNITY_LIGHTMAP_RGBM_ENCODING UNITY_VIRTUAL_TEXTURING UNITY_PRETRANSFORM_TO_DISPLAY_ORIENTATION UNITY_ASTC_NORMALMAP_ENCODING SHADER_API_GLES30 UNITY_UNIFIED_SHADER_PRECISION_MODEL flags=0 lang=3 type=Vertex platform=d3d11 reqs=33 mask=6 start=35  error: 1 plat 4 at C:/Users/FullGamers/Desktop/unity/Upwards/Upwards/Library/PackageCache/com.jimmycushnie.noisynodes@1f212c2688/NoiseShader/HLSL/NoiseUtils.hlsl(77): implicit truncation of vector type
  error: 1 plat 4 at C:/Users/FullGamers/Desktop/unity/Upwards/Upwards/Library/PackageCache/com.jimmycushnie.noisynodes@1f212c2688/NoiseShader/HLSL/SimplexNoise3D.hlsl(187): implicit truncation of vector type
 ok=1 outsize=626

Cmd: compileSnippet
  insize=13912 file=/hidden/preview/ReplaceColor_26e729680abb48a8acefdfe7e124044a pass=<Unnamed Pass 0> cachingPP=1 ppOnly=0 stripLineD=0 buildPlatform=19 rsLen=0 pKW=UNITY_ENABLE_REFLECTION_BUFFERS UNITY_USE_DITHER_MASK_FOR_ALPHABLENDED_SHADOWS UNITY_PBS_USE_BRDF1 UNITY_SPECCUBE_BOX_PROJECTION UNITY_SPECCUBE_BLENDING UNITY_ENABLE_DETAIL_NORMALMAP SHADER_API_DESKTOP UNITY_COLORSPACE_GAMMA UNITY_LIGHT_PROBE_PROXY_VOLUME UNITY_LIGHTMAP_FULL_HDR uKW= dKW=UNITY_NO_DXT5nm UNITY_FRAMEBUFFER_FETCH_AVAILABLE UNITY_ENABLE_NATIVE_SHADOW_LOOKUPS UNITY_METAL_SHADOWS_USE_POINT_FILTERING UNITY_NO_SCREENSPACE_SHADOWS UNITY_PBS_USE_BRDF2 UNITY_PBS_USE_BRDF3 UNITY_NO_FULL_STANDARD_SHADER UNITY_HARDWARE_TIER1 UNITY_HARDWARE_TIER2 UNITY_HARDWARE_TIER3 UNITY_HALF_PRECISION_FRAGMENT_SHADER_REGISTERS UNITY_LIGHTMAP_DLDR_ENCODING UNITY_LIGHTMAP_RGBM_ENCODING UNITY_VIRTUAL_TEXTURING UNITY_PRETRANSFORM_TO_DISPLAY_ORIENTATION UNITY_ASTC_NORMALMAP_ENCODING SHADER_API_GLES30 UNITY_UNIFIED_SHADER_PRECISION_MODEL flags=0 lang=3 type=Fragment platform=d3d11 reqs=33 mask=6 start=35  error: 1 plat 4 at (237): pow(f, e) will not work for negative f, use abs(f) or conditionally handle negative values if you expect them
  error: 1 plat 4 at (305): 'Unity_ReplaceColor_float': implicit truncation of vector type
  error: 1 plat 4 at (307): 'Unity_ReplaceColor_float': implicit truncation of vector type
  error: 1 plat 4 at C:/Users/FullGamers/Desktop/unity/Upwards/Upwards/Library/PackageCache/com.jimmycushnie.noisynodes@1f212c2688/NoiseShader/HLSL/NoiseUtils.hlsl(77): implicit truncation of vector type
  error: 1 plat 4 at C:/Users/FullGamers/Desktop/unity/Upwards/Upwards/Library/PackageCache/com.jimmycushnie.noisynodes@1f212c2688/NoiseShader/HLSL/SimplexNoise3D.hlsl(187): implicit truncation of vector type
 ok=1 outsize=8454

Cmd: compileSnippet
  insize=11894 file=/hidden/preview/Add_307301fa8c314ccd820d17f86fe8c8e9 pass=<Unnamed Pass 0> cachingPP=1 ppOnly=0 stripLineD=0 buildPlatform=19 rsLen=0 pKW=UNITY_ENABLE_REFLECTION_BUFFERS UNITY_USE_DITHER_MASK_FOR_ALPHABLENDED_SHADOWS UNITY_PBS_USE_BRDF1 UNITY_SPECCUBE_BOX_PROJECTION UNITY_SPECCUBE_BLENDING UNITY_ENABLE_DETAIL_NORMALMAP SHADER_API_DESKTOP UNITY_COLORSPACE_GAMMA UNITY_LIGHT_PROBE_PROXY_VOLUME UNITY_LIGHTMAP_FULL_HDR uKW= dKW=UNITY_NO_DXT5nm UNITY_FRAMEBUFFER_FETCH_AVAILABLE UNITY_ENABLE_NATIVE_SHADOW_LOOKUPS UNITY_METAL_SHADOWS_USE_POINT_FILTERING UNITY_NO_SCREENSPACE_SHADOWS UNITY_PBS_USE_BRDF2 UNITY_PBS_USE_BRDF3 UNITY_NO_FULL_STANDARD_SHADER UNITY_HARDWARE_TIER1 UNITY_HARDWARE_TIER2 UNITY_HARDWARE_TIER3 UNITY_HALF_PRECISION_FRAGMENT_SHADER_REGISTERS UNITY_LIGHTMAP_DLDR_ENCODING UNITY_LIGHTMAP_RGBM_ENCODING UNITY_VIRTUAL_TEXTURING UNITY_PRETRANSFORM_TO_DISPLAY_ORIENTATION UNITY_ASTC_NORMALMAP_ENCODING SHADER_API_GLES30 UNITY_UNIFIED_SHADER_PRECISION_MODEL flags=0 lang=3 type=Fragment platform=d3d11 reqs=33 mask=6 start=35  error: 1 plat 4 at C:/Users/FullGamers/Desktop/unity/Upwards/Upwards/Library/PackageCache/com.jimmycushnie.noisynodes@1f212c2688/NoiseShader/HLSL/NoiseUtils.hlsl(77): implicit truncation of vector type
  error: 1 plat 4 at C:/Users/FullGamers/Desktop/unity/Upwards/Upwards/Library/PackageCache/com.jimmycushnie.noisynodes@1f212c2688/NoiseShader/HLSL/SimplexNoise3D.hlsl(187): implicit truncation of vector type
 ok=1 outsize=7714

Cmd: compileSnippet
  insize=14048 file=/hidden/preview/Posterize_597bf88042db4c60a5a9bc36e40feada pass=<Unnamed Pass 0> cachingPP=1 ppOnly=0 stripLineD=0 buildPlatform=19 rsLen=0 pKW=UNITY_ENABLE_REFLECTION_BUFFERS UNITY_USE_DITHER_MASK_FOR_ALPHABLENDED_SHADOWS UNITY_PBS_USE_BRDF1 UNITY_SPECCUBE_BOX_PROJECTION UNITY_SPECCUBE_BLENDING UNITY_ENABLE_DETAIL_NORMALMAP SHADER_API_DESKTOP UNITY_COLORSPACE_GAMMA UNITY_LIGHT_PROBE_PROXY_VOLUME UNITY_LIGHTMAP_FULL_HDR uKW= dKW=UNITY_NO_DXT5nm UNITY_FRAMEBUFFER_FETCH_AVAILABLE UNITY_ENABLE_NATIVE_SHADOW_LOOKUPS UNITY_METAL_SHADOWS_USE_POINT_FILTERING UNITY_NO_SCREENSPACE_SHADOWS UNITY_PBS_USE_BRDF2 UNITY_PBS_USE_BRDF3 UNITY_NO_FULL_STANDARD_SHADER UNITY_HARDWARE_TIER1 UNITY_HARDWARE_TIER2 UNITY_HARDWARE_TIER3 UNITY_HALF_PRECISION_FRAGMENT_SHADER_REGISTERS UNITY_LIGHTMAP_DLDR_ENCODING UNITY_LIGHTMAP_RGBM_ENCODING UNITY_VIRTUAL_TEXTURING UNITY_PRETRANSFORM_TO_DISPLAY_ORIENTATION UNITY_ASTC_NORMALMAP_ENCODING SHADER_API_GLES30 UNITY_UNIFIED_SHADER_PRECISION_MODEL flags=0 lang=3 type=Vertex platform=d3d11 reqs=33 mask=6 start=35  error: 1 plat 4 at C:/Users/FullGamers/Desktop/unity/Upwards/Upwards/Library/PackageCache/com.jimmycushnie.noisynodes@1f212c2688/NoiseShader/HLSL/NoiseUtils.hlsl(77): implicit truncation of vector type
  error: 1 plat 4 at C:/Users/FullGamers/Desktop/unity/Upwards/Upwards/Library/PackageCache/com.jimmycushnie.noisynodes@1f212c2688/NoiseShader/HLSL/SimplexNoise3D.hlsl(187): implicit truncation of vector type
 ok=1 outsize=626

Cmd: compileSnippet
  insize=7906 file=/hidden/preview/Simplexnoise3D_45a4f32c652e42aea34c7047029b8ac1 pass=<Unnamed Pass 0> cachingPP=1 ppOnly=0 stripLineD=0 buildPlatform=19 rsLen=0 pKW=UNITY_ENABLE_REFLECTION_BUFFERS UNITY_USE_DITHER_MASK_FOR_ALPHABLENDED_SHADOWS UNITY_PBS_USE_BRDF1 UNITY_SPECCUBE_BOX_PROJECTION UNITY_SPECCUBE_BLENDING UNITY_ENABLE_DETAIL_NORMALMAP SHADER_API_DESKTOP UNITY_COLORSPACE_GAMMA UNITY_LIGHT_PROBE_PROXY_VOLUME UNITY_LIGHTMAP_FULL_HDR uKW= dKW=UNITY_NO_DXT5nm UNITY_FRAMEBUFFER_FETCH_AVAILABLE UNITY_ENABLE_NATIVE_SHADOW_LOOKUPS UNITY_METAL_SHADOWS_USE_POINT_FILTERING UNITY_NO_SCREENSPACE_SHADOWS UNITY_PBS_USE_BRDF2 UNITY_PBS_USE_BRDF3 UNITY_NO_FULL_STANDARD_SHADER UNITY_HARDWARE_TIER1 UNITY_HARDWARE_TIER2 UNITY_HARDWARE_TIER3 UNITY_HALF_PRECISION_FRAGMENT_SHADER_REGISTERS UNITY_LIGHTMAP_DLDR_ENCODING UNITY_LIGHTMAP_RGBM_ENCODING UNITY_VIRTUAL_TEXTURING UNITY_PRETRANSFORM_TO_DISPLAY_ORIENTATION UNITY_ASTC_NORMALMAP_ENCODING SHADER_API_GLES30 UNITY_UNIFIED_SHADER_PRECISION_MODEL flags=0 lang=3 type=Vertex platform=d3d11 reqs=33 mask=6 start=35  error: 1 plat 4 at C:/Users/FullGamers/Desktop/unity/Upwards/Upwards/Library/PackageCache/com.jimmycushnie.noisynodes@1f212c2688/NoiseShader/HLSL/NoiseUtils.hlsl(77): implicit truncation of vector type
  error: 1 plat 4 at C:/Users/FullGamers/Desktop/unity/Upwards/Upwards/Library/PackageCache/com.jimmycushnie.noisynodes@1f212c2688/NoiseShader/HLSL/SimplexNoise3D.hlsl(187): implicit truncation of vector type
 ok=1 outsize=562

Cmd: compileSnippet
  insize=14946 file=/hidden/preview/ReplaceColor_0b505a315521453cbc210306069014d6 pass=<Unnamed Pass 0> cachingPP=1 ppOnly=0 stripLineD=0 buildPlatform=19 rsLen=0 pKW=UNITY_ENABLE_REFLECTION_BUFFERS UNITY_USE_DITHER_MASK_FOR_ALPHABLENDED_SHADOWS UNITY_PBS_USE_BRDF1 UNITY_SPECCUBE_BOX_PROJECTION UNITY_SPECCUBE_BLENDING UNITY_ENABLE_DETAIL_NORMALMAP SHADER_API_DESKTOP UNITY_COLORSPACE_GAMMA UNITY_LIGHT_PROBE_PROXY_VOLUME UNITY_LIGHTMAP_FULL_HDR uKW= dKW=UNITY_NO_DXT5nm UNITY_FRAMEBUFFER_FETCH_AVAILABLE UNITY_ENABLE_NATIVE_SHADOW_LOOKUPS UNITY_METAL_SHADOWS_USE_POINT_FILTERING UNITY_NO_SCREENSPACE_SHADOWS UNITY_PBS_USE_BRDF2 UNITY_PBS_USE_BRDF3 UNITY_NO_FULL_STANDARD_SHADER UNITY_HARDWARE_TIER1 UNITY_HARDWARE_TIER2 UNITY_HARDWARE_TIER3 UNITY_HALF_PRECISION_FRAGMENT_SHADER_REGISTERS UNITY_LIGHTMAP_DLDR_ENCODING UNITY_LIGHTMAP_RGBM_ENCODING UNITY_VIRTUAL_TEXTURING UNITY_PRETRANSFORM_TO_DISPLAY_ORIENTATION UNITY_ASTC_NORMALMAP_ENCODING SHADER_API_GLES30 UNITY_UNIFIED_SHADER_PRECISION_MODEL flags=0 lang=3 type=Vertex platform=d3d11 reqs=33 mask=6 start=35  error: 1 plat 4 at (324): 'Unity_ReplaceColor_float': implicit truncation of vector type
  error: 1 plat 4 at C:/Users/FullGamers/Desktop/unity/Upwards/Upwards/Library/PackageCache/com.jimmycushnie.noisynodes@1f212c2688/NoiseShader/HLSL/NoiseUtils.hlsl(77): implicit truncation of vector type
  error: 1 plat 4 at C:/Users/FullGamers/Desktop/unity/Upwards/Upwards/Library/PackageCache/com.jimmycushnie.noisynodes@1f212c2688/NoiseShader/HLSL/SimplexNoise3D.hlsl(187): implicit truncation of vector type
 ok=1 outsize=626

Cmd: compileSnippet
  insize=14018 file=/hidden/preview/OneMinus_1d73643bfb7d407a87c10580999c12a8 pass=<Unnamed Pass 0> cachingPP=1 ppOnly=0 stripLineD=0 buildPlatform=19 rsLen=0 pKW=UNITY_ENABLE_REFLECTION_BUFFERS UNITY_USE_DITHER_MASK_FOR_ALPHABLENDED_SHADOWS UNITY_PBS_USE_BRDF1 UNITY_SPECCUBE_BOX_PROJECTION UNITY_SPECCUBE_BLENDING UNITY_ENABLE_DETAIL_NORMALMAP SHADER_API_DESKTOP UNITY_COLORSPACE_GAMMA UNITY_LIGHT_PROBE_PROXY_VOLUME UNITY_LIGHTMAP_FULL_HDR uKW= dKW=UNITY_NO_DXT5nm UNITY_FRAMEBUFFER_FETCH_AVAILABLE UNITY_ENABLE_NATIVE_SHADOW_LOOKUPS UNITY_METAL_SHADOWS_USE_POINT_FILTERING UNITY_NO_SCREENSPACE_SHADOWS UNITY_PBS_USE_BRDF2 UNITY_PBS_USE_BRDF3 UNITY_NO_FULL_STANDARD_SHADER UNITY_HARDWARE_TIER1 UNITY_HARDWARE_TIER2 UNITY_HARDWARE_TIER3 UNITY_HALF_PRECISION_FRAGMENT_SHADER_REGISTERS UNITY_LIGHTMAP_DLDR_ENCODING UNITY_LIGHTMAP_RGBM_ENCODING UNITY_VIRTUAL_TEXTURING UNITY_PRETRANSFORM_TO_DISPLAY_ORIENTATION UNITY_ASTC_NORMALMAP_ENCODING SHADER_API_GLES30 UNITY_UNIFIED_SHADER_PRECISION_MODEL flags=0 lang=3 type=Fragment platform=d3d11 reqs=33 mask=6 start=35  error: 1 plat 4 at (240): pow(f, e) will not work for negative f, use abs(f) or conditionally handle negative values if you expect them
  error: 1 plat 4 at C:/Users/FullGamers/Desktop/unity/Upwards/Upwards/Library/PackageCache/com.jimmycushnie.noisynodes@1f212c2688/NoiseShader/HLSL/NoiseUtils.hlsl(77): implicit truncation of vector type
  error: 1 plat 4 at C:/Users/FullGamers/Desktop/unity/Upwards/Upwards/Library/PackageCache/com.jimmycushnie.noisynodes@1f212c2688/NoiseShader/HLSL/SimplexNoise3D.hlsl(187): implicit truncation of vector type
 ok=1 outsize=7750

Cmd: compileSnippet
  insize=12643 file=/hidden/preview/Multiply_d2d2ff2cecc94069b62912da8a795d2d pass=<Unnamed Pass 0> cachingPP=1 ppOnly=0 stripLineD=0 buildPlatform=19 rsLen=0 pKW=UNITY_ENABLE_REFLECTION_BUFFERS UNITY_USE_DITHER_MASK_FOR_ALPHABLENDED_SHADOWS UNITY_PBS_USE_BRDF1 UNITY_SPECCUBE_BOX_PROJECTION UNITY_SPECCUBE_BLENDING UNITY_ENABLE_DETAIL_NORMALMAP SHADER_API_DESKTOP UNITY_COLORSPACE_GAMMA UNITY_LIGHT_PROBE_PROXY_VOLUME UNITY_LIGHTMAP_FULL_HDR uKW= dKW=UNITY_NO_DXT5nm UNITY_FRAMEBUFFER_FETCH_AVAILABLE UNITY_ENABLE_NATIVE_SHADOW_LOOKUPS UNITY_METAL_SHADOWS_USE_POINT_FILTERING UNITY_NO_SCREENSPACE_SHADOWS UNITY_PBS_USE_BRDF2 UNITY_PBS_USE_BRDF3 UNITY_NO_FULL_STANDARD_SHADER UNITY_HARDWARE_TIER1 UNITY_HARDWARE_TIER2 UNITY_HARDWARE_TIER3 UNITY_HALF_PRECISION_FRAGMENT_SHADER_REGISTERS UNITY_LIGHTMAP_DLDR_ENCODING UNITY_LIGHTMAP_RGBM_ENCODING UNITY_VIRTUAL_TEXTURING UNITY_PRETRANSFORM_TO_DISPLAY_ORIENTATION UNITY_ASTC_NORMALMAP_ENCODING SHADER_API_GLES30 UNITY_UNIFIED_SHADER_PRECISION_MODEL flags=0 lang=3 type=Vertex platform=d3d11 reqs=33 mask=6 start=35  error: 1 plat 4 at C:/Users/FullGamers/Desktop/unity/Upwards/Upwards/Library/PackageCache/com.jimmycushnie.noisynodes@1f212c2688/NoiseShader/HLSL/NoiseUtils.hlsl(77): implicit truncation of vector type
  error: 1 plat 4 at C:/Users/FullGamers/Desktop/unity/Upwards/Upwards/Library/PackageCache/com.jimmycushnie.noisynodes@1f212c2688/NoiseShader/HLSL/SimplexNoise3D.hlsl(187): implicit truncation of vector type
 ok=1 outsize=626

Cmd: compileSnippet
  insize=12693 file=/hidden/preview/Step_e4286d33647844b38fcd9b8b151a7bd6 pass=<Unnamed Pass 0> cachingPP=1 ppOnly=0 stripLineD=0 buildPlatform=19 rsLen=0 pKW=UNITY_ENABLE_REFLECTION_BUFFERS UNITY_USE_DITHER_MASK_FOR_ALPHABLENDED_SHADOWS UNITY_PBS_USE_BRDF1 UNITY_SPECCUBE_BOX_PROJECTION UNITY_SPECCUBE_BLENDING UNITY_ENABLE_DETAIL_NORMALMAP SHADER_API_DESKTOP UNITY_COLORSPACE_GAMMA UNITY_LIGHT_PROBE_PROXY_VOLUME UNITY_LIGHTMAP_FULL_HDR uKW= dKW=UNITY_NO_DXT5nm UNITY_FRAMEBUFFER_FETCH_AVAILABLE UNITY_ENABLE_NATIVE_SHADOW_LOOKUPS UNITY_METAL_SHADOWS_USE_POINT_FILTERING UNITY_NO_SCREENSPACE_SHADOWS UNITY_PBS_USE_BRDF2 UNITY_PBS_USE_BRDF3 UNITY_NO_FULL_STANDARD_SHADER UNITY_HARDWARE_TIER1 UNITY_HARDWARE_TIER2 UNITY_HARDWARE_TIER3 UNITY_HALF_PRECISION_FRAGMENT_SHADER_REGISTERS UNITY_LIGHTMAP_DLDR_ENCODING UNITY_LIGHTMAP_RGBM_ENCODING UNITY_VIRTUAL_TEXTURING UNITY_PRETRANSFORM_TO_DISPLAY_ORIENTATION UNITY_ASTC_NORMALMAP_ENCODING SHADER_API_GLES30 UNITY_UNIFIED_SHADER_PRECISION_MODEL flags=0 lang=3 type=Vertex platform=d3d11 reqs=33 mask=6 start=35  error: 1 plat 4 at C:/Users/FullGamers/Desktop/unity/Upwards/Upwards/Library/PackageCache/com.jimmycushnie.noisynodes@1f212c2688/NoiseShader/HLSL/NoiseUtils.hlsl(77): implicit truncation of vector type
  error: 1 plat 4 at C:/Users/FullGamers/Desktop/unity/Upwards/Upwards/Library/PackageCache/com.jimmycushnie.noisynodes@1f212c2688/NoiseShader/HLSL/SimplexNoise3D.hlsl(187): implicit truncation of vector type
 ok=1 outsize=626

Cmd: compileSnippet
  insize=13633 file=/hidden/preview/ReplaceColor_26e729680abb48a8acefdfe7e124044a pass=<Unnamed Pass 0> cachingPP=1 ppOnly=0 stripLineD=0 buildPlatform=19 rsLen=0 pKW=UNITY_ENABLE_REFLECTION_BUFFERS UNITY_USE_DITHER_MASK_FOR_ALPHABLENDED_SHADOWS UNITY_PBS_USE_BRDF1 UNITY_SPECCUBE_BOX_PROJECTION UNITY_SPECCUBE_BLENDING UNITY_ENABLE_DETAIL_NORMALMAP SHADER_API_DESKTOP UNITY_COLORSPACE_GAMMA UNITY_LIGHT_PROBE_PROXY_VOLUME UNITY_LIGHTMAP_FULL_HDR uKW= dKW=UNITY_NO_DXT5nm UNITY_FRAMEBUFFER_FETCH_AVAILABLE UNITY_ENABLE_NATIVE_SHADOW_LOOKUPS UNITY_METAL_SHADOWS_USE_POINT_FILTERING UNITY_NO_SCREENSPACE_SHADOWS UNITY_PBS_USE_BRDF2 UNITY_PBS_USE_BRDF3 UNITY_NO_FULL_STANDARD_SHADER UNITY_HARDWARE_TIER1 UNITY_HARDWARE_TIER2 UNITY_HARDWARE_TIER3 UNITY_HALF_PRECISION_FRAGMENT_SHADER_REGISTERS UNITY_LIGHTMAP_DLDR_ENCODING UNITY_LIGHTMAP_RGBM_ENCODING UNITY_VIRTUAL_TEXTURING UNITY_PRETRANSFORM_TO_DISPLAY_ORIENTATION UNITY_ASTC_NORMALMAP_ENCODING SHADER_API_GLES30 UNITY_UNIFIED_SHADER_PRECISION_MODEL flags=0 lang=3 type=Fragment platform=d3d11 reqs=33 mask=6 start=35  error: 1 plat 4 at (236): pow(f, e) will not work for negative f, use abs(f) or conditionally handle negative values if you expect them
  error: 1 plat 4 at (302): 'Unity_ReplaceColor_float': implicit truncation of vector type
  error: 1 plat 4 at (304): 'Unity_ReplaceColor_float': implicit truncation of vector type
  error: 1 plat 4 at C:/Users/FullGamers/Desktop/unity/Upwards/Upwards/Library/PackageCache/com.jimmycushnie.noisynodes@1f212c2688/NoiseShader/HLSL/NoiseUtils.hlsl(77): implicit truncation of vector type
  error: 1 plat 4 at C:/Users/FullGamers/Desktop/unity/Upwards/Upwards/Library/PackageCache/com.jimmycushnie.noisynodes@1f212c2688/NoiseShader/HLSL/SimplexNoise3D.hlsl(187): implicit truncation of vector type
 ok=1 outsize=8090

Cmd: compileSnippet
  insize=11077 file=/hidden/preview/Step_82d8ab97c22643378bd7bd1c01764971 pass=<Unnamed Pass 0> cachingPP=1 ppOnly=0 stripLineD=0 buildPlatform=19 rsLen=0 pKW=UNITY_ENABLE_REFLECTION_BUFFERS UNITY_USE_DITHER_MASK_FOR_ALPHABLENDED_SHADOWS UNITY_PBS_USE_BRDF1 UNITY_SPECCUBE_BOX_PROJECTION UNITY_SPECCUBE_BLENDING UNITY_ENABLE_DETAIL_NORMALMAP SHADER_API_DESKTOP UNITY_COLORSPACE_GAMMA UNITY_LIGHT_PROBE_PROXY_VOLUME UNITY_LIGHTMAP_FULL_HDR uKW= dKW=UNITY_NO_DXT5nm UNITY_FRAMEBUFFER_FETCH_AVAILABLE UNITY_ENABLE_NATIVE_SHADOW_LOOKUPS UNITY_METAL_SHADOWS_USE_POINT_FILTERING UNITY_NO_SCREENSPACE_SHADOWS UNITY_PBS_USE_BRDF2 UNITY_PBS_USE_BRDF3 UNITY_NO_FULL_STANDARD_SHADER UNITY_HARDWARE_TIER1 UNITY_HARDWARE_TIER2 UNITY_HARDWARE_TIER3 UNITY_HALF_PRECISION_FRAGMENT_SHADER_REGISTERS UNITY_LIGHTMAP_DLDR_ENCODING UNITY_LIGHTMAP_RGBM_ENCODING UNITY_VIRTUAL_TEXTURING UNITY_PRETRANSFORM_TO_DISPLAY_ORIENTATION UNITY_ASTC_NORMALMAP_ENCODING SHADER_API_GLES30 UNITY_UNIFIED_SHADER_PRECISION_MODEL flags=0 lang=3 type=Fragment platform=d3d11 reqs=33 mask=6 start=35  error: 1 plat 4 at (269): value cannot be infinity, isfinite() may not be necessary.  /Gis may force isfinite() to be performed
  error: 1 plat 4 at C:/Users/FullGamers/Desktop/unity/Upwards/Upwards/Library/PackageCache/com.jimmycushnie.noisynodes@1f212c2688/NoiseShader/HLSL/NoiseUtils.hlsl(77): implicit truncation of vector type
  error: 1 plat 4 at C:/Users/FullGamers/Desktop/unity/Upwards/Upwards/Library/PackageCache/com.jimmycushnie.noisynodes@1f212c2688/NoiseShader/HLSL/SimplexNoise3D.hlsl(187): implicit truncation of vector type
 ok=1 outsize=7230

Cmd: compileSnippet
  insize=17342 file=/hidden/preview/ReplaceColor_9fdd098973a24b60ba22f80602f16fdb pass=<Unnamed Pass 0> cachingPP=1 ppOnly=0 stripLineD=0 buildPlatform=19 rsLen=0 pKW=UNITY_ENABLE_REFLECTION_BUFFERS UNITY_USE_DITHER_MASK_FOR_ALPHABLENDED_SHADOWS UNITY_PBS_USE_BRDF1 UNITY_SPECCUBE_BOX_PROJECTION UNITY_SPECCUBE_BLENDING UNITY_ENABLE_DETAIL_NORMALMAP SHADER_API_DESKTOP UNITY_COLORSPACE_GAMMA UNITY_LIGHT_PROBE_PROXY_VOLUME UNITY_LIGHTMAP_FULL_HDR uKW= dKW=UNITY_NO_DXT5nm UNITY_FRAMEBUFFER_FETCH_AVAILABLE UNITY_ENABLE_NATIVE_SHADOW_LOOKUPS UNITY_METAL_SHADOWS_USE_POINT_FILTERING UNITY_NO_SCREENSPACE_SHADOWS UNITY_PBS_USE_BRDF2 UNITY_PBS_USE_BRDF3 UNITY_NO_FULL_STANDARD_SHADER UNITY_HARDWARE_TIER1 UNITY_HARDWARE_TIER2 UNITY_HARDWARE_TIER3 UNITY_HALF_PRECISION_FRAGMENT_SHADER_REGISTERS UNITY_LIGHTMAP_DLDR_ENCODING UNITY_LIGHTMAP_RGBM_ENCODING UNITY_VIRTUAL_TEXTURING UNITY_PRETRANSFORM_TO_DISPLAY_ORIENTATION UNITY_ASTC_NORMALMAP_ENCODING SHADER_API_GLES30 UNITY_UNIFIED_SHADER_PRECISION_MODEL flags=0 lang=3 type=Fragment platform=d3d11 reqs=33 mask=6 start=35  error: 1 plat 4 at (258): pow(f, e) will not work for negative f, use abs(f) or conditionally handle negative values if you expect them
  error: 1 plat 4 at (340): 'Unity_ReplaceColor_float': implicit truncation of vector type
  error: 1 plat 4 at (342): 'Unity_ReplaceColor_float': implicit truncation of vector type
  error: 1 plat 4 at (344): 'Unity_ReplaceColor_float': implicit truncation of vector type
  error: 1 plat 4 at (346): 'Unity_ReplaceColor_float': implicit truncation of vector type
  error: 1 plat 4 at C:/Users/FullGamers/Desktop/unity/Upwards/Upwards/Library/PackageCache/com.jimmycushnie.noisynodes@1f212c2688/NoiseShader/HLSL/NoiseUtils.hlsl(77): implicit truncation of vector type
  error: 1 plat 4 at C:/Users/FullGamers/Desktop/unity/Upwards/Upwards/Library/PackageCache/com.jimmycushnie.noisynodes@1f212c2688/NoiseShader/HLSL/SimplexNoise3D.hlsl(187): implicit truncation of vector type
 ok=1 outsize=9218

Cmd: compileSnippet
  insize=16004 file=/hidden/preview/ReplaceColor_60e1c8f9e3634add96f792daec65ab0c pass=<Unnamed Pass 0> cachingPP=1 ppOnly=0 stripLineD=0 buildPlatform=19 rsLen=0 pKW=UNITY_ENABLE_REFLECTION_BUFFERS UNITY_USE_DITHER_MASK_FOR_ALPHABLENDED_SHADOWS UNITY_PBS_USE_BRDF1 UNITY_SPECCUBE_BOX_PROJECTION UNITY_SPECCUBE_BLENDING UNITY_ENABLE_DETAIL_NORMALMAP SHADER_API_DESKTOP UNITY_COLORSPACE_GAMMA UNITY_LIGHT_PROBE_PROXY_VOLUME UNITY_LIGHTMAP_FULL_HDR uKW= dKW=UNITY_NO_DXT5nm UNITY_FRAMEBUFFER_FETCH_AVAILABLE UNITY_ENABLE_NATIVE_SHADOW_LOOKUPS UNITY_METAL_SHADOWS_USE_POINT_FILTERING UNITY_NO_SCREENSPACE_SHADOWS UNITY_PBS_USE_BRDF2 UNITY_PBS_USE_BRDF3 UNITY_NO_FULL_STANDARD_SHADER UNITY_HARDWARE_TIER1 UNITY_HARDWARE_TIER2 UNITY_HARDWARE_TIER3 UNITY_HALF_PRECISION_FRAGMENT_SHADER_REGISTERS UNITY_LIGHTMAP_DLDR_ENCODING UNITY_LIGHTMAP_RGBM_ENCODING UNITY_VIRTUAL_TEXTURING UNITY_PRETRANSFORM_TO_DISPLAY_ORIENTATION UNITY_ASTC_NORMALMAP_ENCODING SHADER_API_GLES30 UNITY_UNIFIED_SHADER_PRECISION_MODEL flags=0 lang=3 type=Fragment platform=d3d11 reqs=33 mask=6 start=35  error: 1 plat 4 at (250): pow(f, e) will not work for negative f, use abs(f) or conditionally handle negative values if you expect them
  error: 1 plat 4 at (332): 'Unity_ReplaceColor_float': implicit truncation of vector type
  error: 1 plat 4 at (334): 'Unity_ReplaceColor_float': implicit truncation of vector type
  error: 1 plat 4 at C:/Users/FullGamers/Desktop/unity/Upwards/Upwards/Library/PackageCache/com.jimmycushnie.noisynodes@1f212c2688/NoiseShader/HLSL/NoiseUtils.hlsl(77): implicit truncation of vector type
  error: 1 plat 4 at C:/Users/FullGamers/Desktop/unity/Upwards/Upwards/Library/PackageCache/com.jimmycushnie.noisynodes@1f212c2688/NoiseShader/HLSL/SimplexNoise3D.hlsl(187): implicit truncation of vector type
 ok=1 outsize=8706

Cmd: compileSnippet
  insize=9402 file=/hidden/preview/Multiply_f2b91d6840a3477ebd7e7ed7c2cf65d6 pass=<Unnamed Pass 0> cachingPP=1 ppOnly=0 stripLineD=0 buildPlatform=19 rsLen=0 pKW=UNITY_ENABLE_REFLECTION_BUFFERS UNITY_USE_DITHER_MASK_FOR_ALPHABLENDED_SHADOWS UNITY_PBS_USE_BRDF1 UNITY_SPECCUBE_BOX_PROJECTION UNITY_SPECCUBE_BLENDING UNITY_ENABLE_DETAIL_NORMALMAP SHADER_API_DESKTOP UNITY_COLORSPACE_GAMMA UNITY_LIGHT_PROBE_PROXY_VOLUME UNITY_LIGHTMAP_FULL_HDR uKW= dKW=UNITY_NO_DXT5nm UNITY_FRAMEBUFFER_FETCH_AVAILABLE UNITY_ENABLE_NATIVE_SHADOW_LOOKUPS UNITY_METAL_SHADOWS_USE_POINT_FILTERING UNITY_NO_SCREENSPACE_SHADOWS UNITY_PBS_USE_BRDF2 UNITY_PBS_USE_BRDF3 UNITY_NO_FULL_STANDARD_SHADER UNITY_HARDWARE_TIER1 UNITY_HARDWARE_TIER2 UNITY_HARDWARE_TIER3 UNITY_HALF_PRECISION_FRAGMENT_SHADER_REGISTERS UNITY_LIGHTMAP_DLDR_ENCODING UNITY_LIGHTMAP_RGBM_ENCODING UNITY_VIRTUAL_TEXTURING UNITY_PRETRANSFORM_TO_DISPLAY_ORIENTATION UNITY_ASTC_NORMALMAP_ENCODING SHADER_API_GLES30 UNITY_UNIFIED_SHADER_PRECISION_MODEL flags=0 lang=3 type=Fragment platform=d3d11 reqs=33 mask=6 start=35  error: 1 plat 4 at C:/Users/FullGamers/Desktop/unity/Upwards/Upwards/Library/PackageCache/com.jimmycushnie.noisynodes@1f212c2688/NoiseShader/HLSL/NoiseUtils.hlsl(77): implicit truncation of vector type
  error: 1 plat 4 at C:/Users/FullGamers/Desktop/unity/Upwards/Upwards/Library/PackageCache/com.jimmycushnie.noisynodes@1f212c2688/NoiseShader/HLSL/SimplexNoise3D.hlsl(187): implicit truncation of vector type
 ok=1 outsize=4030

Cmd: compileSnippet
  insize=13623 file=/hidden/preview/Power_87bd63a1e7484455897f3a41d613c723 pass=<Unnamed Pass 0> cachingPP=1 ppOnly=0 stripLineD=0 buildPlatform=19 rsLen=0 pKW=UNITY_ENABLE_REFLECTION_BUFFERS UNITY_USE_DITHER_MASK_FOR_ALPHABLENDED_SHADOWS UNITY_PBS_USE_BRDF1 UNITY_SPECCUBE_BOX_PROJECTION UNITY_SPECCUBE_BLENDING UNITY_ENABLE_DETAIL_NORMALMAP SHADER_API_DESKTOP UNITY_COLORSPACE_GAMMA UNITY_LIGHT_PROBE_PROXY_VOLUME UNITY_LIGHTMAP_FULL_HDR uKW= dKW=UNITY_NO_DXT5nm UNITY_FRAMEBUFFER_FETCH_AVAILABLE UNITY_ENABLE_NATIVE_SHADOW_LOOKUPS UNITY_METAL_SHADOWS_USE_POINT_FILTERING UNITY_NO_SCREENSPACE_SHADOWS UNITY_PBS_USE_BRDF2 UNITY_PBS_USE_BRDF3 UNITY_NO_FULL_STANDARD_SHADER UNITY_HARDWARE_TIER1 UNITY_HARDWARE_TIER2 UNITY_HARDWARE_TIER3 UNITY_HALF_PRECISION_FRAGMENT_SHADER_REGISTERS UNITY_LIGHTMAP_DLDR_ENCODING UNITY_LIGHTMAP_RGBM_ENCODING UNITY_VIRTUAL_TEXTURING UNITY_PRETRANSFORM_TO_DISPLAY_ORIENTATION UNITY_ASTC_NORMALMAP_ENCODING SHADER_API_GLES30 UNITY_UNIFIED_SHADER_PRECISION_MODEL flags=0 lang=3 type=Vertex platform=d3d11 reqs=33 mask=6 start=35  error: 1 plat 4 at C:/Users/FullGamers/Desktop/unity/Upwards/Upwards/Library/PackageCache/com.jimmycushnie.noisynodes@1f212c2688/NoiseShader/HLSL/NoiseUtils.hlsl(77): implicit truncation of vector type
  error: 1 plat 4 at C:/Users/FullGamers/Desktop/unity/Upwards/Upwards/Library/PackageCache/com.jimmycushnie.noisynodes@1f212c2688/NoiseShader/HLSL/SimplexNoise3D.hlsl(187): implicit truncation of vector type
 ok=1 outsize=626

Cmd: compileSnippet
  insize=12922 file=/hidden/preview/Multiply_d2d2ff2cecc94069b62912da8a795d2d pass=<Unnamed Pass 0> cachingPP=1 ppOnly=0 stripLineD=0 buildPlatform=19 rsLen=0 pKW=UNITY_ENABLE_REFLECTION_BUFFERS UNITY_USE_DITHER_MASK_FOR_ALPHABLENDED_SHADOWS UNITY_PBS_USE_BRDF1 UNITY_SPECCUBE_BOX_PROJECTION UNITY_SPECCUBE_BLENDING UNITY_ENABLE_DETAIL_NORMALMAP SHADER_API_DESKTOP UNITY_COLORSPACE_GAMMA UNITY_LIGHT_PROBE_PROXY_VOLUME UNITY_LIGHTMAP_FULL_HDR uKW= dKW=UNITY_NO_DXT5nm UNITY_FRAMEBUFFER_FETCH_AVAILABLE UNITY_ENABLE_NATIVE_SHADOW_LOOKUPS UNITY_METAL_SHADOWS_USE_POINT_FILTERING UNITY_NO_SCREENSPACE_SHADOWS UNITY_PBS_USE_BRDF2 UNITY_PBS_USE_BRDF3 UNITY_NO_FULL_STANDARD_SHADER UNITY_HARDWARE_TIER1 UNITY_HARDWARE_TIER2 UNITY_HARDWARE_TIER3 UNITY_HALF_PRECISION_FRAGMENT_SHADER_REGISTERS UNITY_LIGHTMAP_DLDR_ENCODING UNITY_LIGHTMAP_RGBM_ENCODING UNITY_VIRTUAL_TEXTURING UNITY_PRETRANSFORM_TO_DISPLAY_ORIENTATION UNITY_ASTC_NORMALMAP_ENCODING SHADER_API_GLES30 UNITY_UNIFIED_SHADER_PRECISION_MODEL flags=0 lang=3 type=Fragment platform=d3d11 reqs=33 mask=6 start=35  error: 1 plat 4 at C:/Users/FullGamers/Desktop/unity/Upwards/Upwards/Library/PackageCache/com.jimmycushnie.noisynodes@1f212c2688/NoiseShader/HLSL/NoiseUtils.hlsl(77): implicit truncation of vector type
  error: 1 plat 4 at C:/Users/FullGamers/Desktop/unity/Upwards/Upwards/Library/PackageCache/com.jimmycushnie.noisynodes@1f212c2688/NoiseShader/HLSL/SimplexNoise3D.hlsl(187): implicit truncation of vector type
 ok=1 outsize=7846

Cmd: compileSnippet
  insize=12531 file=/hidden/preview/Step_f3142632bfd54a0498ba1cdb97eb9d3e pass=<Unnamed Pass 0> cachingPP=1 ppOnly=0 stripLineD=0 buildPlatform=19 rsLen=0 pKW=UNITY_ENABLE_REFLECTION_BUFFERS UNITY_USE_DITHER_MASK_FOR_ALPHABLENDED_SHADOWS UNITY_PBS_USE_BRDF1 UNITY_SPECCUBE_BOX_PROJECTION UNITY_SPECCUBE_BLENDING UNITY_ENABLE_DETAIL_NORMALMAP SHADER_API_DESKTOP UNITY_COLORSPACE_GAMMA UNITY_LIGHT_PROBE_PROXY_VOLUME UNITY_LIGHTMAP_FULL_HDR uKW= dKW=UNITY_NO_DXT5nm UNITY_FRAMEBUFFER_FETCH_AVAILABLE UNITY_ENABLE_NATIVE_SHADOW_LOOKUPS UNITY_METAL_SHADOWS_USE_POINT_FILTERING UNITY_NO_SCREENSPACE_SHADOWS UNITY_PBS_USE_BRDF2 UNITY_PBS_USE_BRDF3 UNITY_NO_FULL_STANDARD_SHADER UNITY_HARDWARE_TIER1 UNITY_HARDWARE_TIER2 UNITY_HARDWARE_TIER3 UNITY_HALF_PRECISION_FRAGMENT_SHADER_REGISTERS UNITY_LIGHTMAP_DLDR_ENCODING UNITY_LIGHTMAP_RGBM_ENCODING UNITY_VIRTUAL_TEXTURING UNITY_PRETRANSFORM_TO_DISPLAY_ORIENTATION UNITY_ASTC_NORMALMAP_ENCODING SHADER_API_GLES30 UNITY_UNIFIED_SHADER_PRECISION_MODEL flags=0 lang=3 type=Vertex platform=d3d11 reqs=33 mask=6 start=35  error: 1 plat 4 at C:/Users/FullGamers/Desktop/unity/Upwards/Upwards/Library/PackageCache/com.jimmycushnie.noisynodes@1f212c2688/NoiseShader/HLSL/NoiseUtils.hlsl(77): implicit truncation of vector type
  error: 1 plat 4 at C:/Users/FullGamers/Desktop/unity/Upwards/Upwards/Library/PackageCache/com.jimmycushnie.noisynodes@1f212c2688/NoiseShader/HLSL/SimplexNoise3D.hlsl(187): implicit truncation of vector type
 ok=1 outsize=626

Cmd: compileSnippet
  insize=14581 file=/hidden/preview/ReplaceColor_a9e32923c5204940840a02554dedf23d pass=<Unnamed Pass 0> cachingPP=1 ppOnly=0 stripLineD=0 buildPlatform=19 rsLen=0 pKW=UNITY_ENABLE_REFLECTION_BUFFERS UNITY_USE_DITHER_MASK_FOR_ALPHABLENDED_SHADOWS UNITY_PBS_USE_BRDF1 UNITY_SPECCUBE_BOX_PROJECTION UNITY_SPECCUBE_BLENDING UNITY_ENABLE_DETAIL_NORMALMAP SHADER_API_DESKTOP UNITY_COLORSPACE_GAMMA UNITY_LIGHT_PROBE_PROXY_VOLUME UNITY_LIGHTMAP_FULL_HDR uKW= dKW=UNITY_NO_DXT5nm UNITY_FRAMEBUFFER_FETCH_AVAILABLE UNITY_ENABLE_NATIVE_SHADOW_LOOKUPS UNITY_METAL_SHADOWS_USE_POINT_FILTERING UNITY_NO_SCREENSPACE_SHADOWS UNITY_PBS_USE_BRDF2 UNITY_PBS_USE_BRDF3 UNITY_NO_FULL_STANDARD_SHADER UNITY_HARDWARE_TIER1 UNITY_HARDWARE_TIER2 UNITY_HARDWARE_TIER3 UNITY_HALF_PRECISION_FRAGMENT_SHADER_REGISTERS UNITY_LIGHTMAP_DLDR_ENCODING UNITY_LIGHTMAP_RGBM_ENCODING UNITY_VIRTUAL_TEXTURING UNITY_PRETRANSFORM_TO_DISPLAY_ORIENTATION UNITY_ASTC_NORMALMAP_ENCODING SHADER_API_GLES30 UNITY_UNIFIED_SHADER_PRECISION_MODEL flags=0 lang=3 type=Vertex platform=d3d11 reqs=33 mask=6 start=35  error: 1 plat 4 at (309): 'Unity_ReplaceColor_float': implicit truncation of vector type
  error: 1 plat 4 at (311): 'Unity_ReplaceColor_float': implicit truncation of vector type
  error: 1 plat 4 at (313): 'Unity_ReplaceColor_float': implicit truncation of vector type
  error: 1 plat 4 at C:/Users/FullGamers/Desktop/unity/Upwards/Upwards/Library/PackageCache/com.jimmycushnie.noisynodes@1f212c2688/NoiseShader/HLSL/NoiseUtils.hlsl(77): implicit truncation of vector type
  error: 1 plat 4 at C:/Users/FullGamers/Desktop/unity/Upwards/Upwards/Library/PackageCache/com.jimmycushnie.noisynodes@1f212c2688/NoiseShader/HLSL/SimplexNoise3D.hlsl(187): implicit truncation of vector type
 ok=1 outsize=626

Cmd: compileSnippet
  insize=12315 file=/hidden/preview/OneMinus_145dd964fbd94f578fb3dd0025254f07 pass=<Unnamed Pass 0> cachingPP=1 ppOnly=0 stripLineD=0 buildPlatform=19 rsLen=0 pKW=UNITY_ENABLE_REFLECTION_BUFFERS UNITY_USE_DITHER_MASK_FOR_ALPHABLENDED_SHADOWS UNITY_PBS_USE_BRDF1 UNITY_SPECCUBE_BOX_PROJECTION UNITY_SPECCUBE_BLENDING UNITY_ENABLE_DETAIL_NORMALMAP SHADER_API_DESKTOP UNITY_COLORSPACE_GAMMA UNITY_LIGHT_PROBE_PROXY_VOLUME UNITY_LIGHTMAP_FULL_HDR uKW= dKW=UNITY_NO_DXT5nm UNITY_FRAMEBUFFER_FETCH_AVAILABLE UNITY_ENABLE_NATIVE_SHADOW_LOOKUPS UNITY_METAL_SHADOWS_USE_POINT_FILTERING UNITY_NO_SCREENSPACE_SHADOWS UNITY_PBS_USE_BRDF2 UNITY_PBS_USE_BRDF3 UNITY_NO_FULL_STANDARD_SHADER UNITY_HARDWARE_TIER1 UNITY_HARDWARE_TIER2 UNITY_HARDWARE_TIER3 UNITY_HALF_PRECISION_FRAGMENT_SHADER_REGISTERS UNITY_LIGHTMAP_DLDR_ENCODING UNITY_LIGHTMAP_RGBM_ENCODING UNITY_VIRTUAL_TEXTURING UNITY_PRETRANSFORM_TO_DISPLAY_ORIENTATION UNITY_ASTC_NORMALMAP_ENCODING SHADER_API_GLES30 UNITY_UNIFIED_SHADER_PRECISION_MODEL flags=0 lang=3 type=Fragment platform=d3d11 reqs=33 mask=6 start=35  error: 1 plat 4 at (229): pow(f, e) will not work for negative f, use abs(f) or conditionally handle negative values if you expect them
  error: 1 plat 4 at C:/Users/FullGamers/Desktop/unity/Upwards/Upwards/Library/PackageCache/com.jimmycushnie.noisynodes@1f212c2688/NoiseShader/HLSL/NoiseUtils.hlsl(77): implicit truncation of vector type
  error: 1 plat 4 at C:/Users/FullGamers/Desktop/unity/Upwards/Upwards/Library/PackageCache/com.jimmycushnie.noisynodes@1f212c2688/NoiseShader/HLSL/SimplexNoise3D.hlsl(187): implicit truncation of vector type
 ok=1 outsize=7862

Cmd: compileSnippet
  insize=16552 file=/hidden/preview/ReplaceColor_9fdd098973a24b60ba22f80602f16fdb pass=<Unnamed Pass 0> cachingPP=1 ppOnly=0 stripLineD=0 buildPlatform=19 rsLen=0 pKW=UNITY_ENABLE_REFLECTION_BUFFERS UNITY_USE_DITHER_MASK_FOR_ALPHABLENDED_SHADOWS UNITY_PBS_USE_BRDF1 UNITY_SPECCUBE_BOX_PROJECTION UNITY_SPECCUBE_BLENDING UNITY_ENABLE_DETAIL_NORMALMAP SHADER_API_DESKTOP UNITY_COLORSPACE_GAMMA UNITY_LIGHT_PROBE_PROXY_VOLUME UNITY_LIGHTMAP_FULL_HDR uKW= dKW=UNITY_NO_DXT5nm UNITY_FRAMEBUFFER_FETCH_AVAILABLE UNITY_ENABLE_NATIVE_SHADOW_LOOKUPS UNITY_METAL_SHADOWS_USE_POINT_FILTERING UNITY_NO_SCREENSPACE_SHADOWS UNITY_PBS_USE_BRDF2 UNITY_PBS_USE_BRDF3 UNITY_NO_FULL_STANDARD_SHADER UNITY_HARDWARE_TIER1 UNITY_HARDWARE_TIER2 UNITY_HARDWARE_TIER3 UNITY_HALF_PRECISION_FRAGMENT_SHADER_REGISTERS UNITY_LIGHTMAP_DLDR_ENCODING UNITY_LIGHTMAP_RGBM_ENCODING UNITY_VIRTUAL_TEXTURING UNITY_PRETRANSFORM_TO_DISPLAY_ORIENTATION UNITY_ASTC_NORMALMAP_ENCODING SHADER_API_GLES30 UNITY_UNIFIED_SHADER_PRECISION_MODEL flags=0 lang=3 type=Fragment platform=d3d11 reqs=33 mask=6 start=35  error: 1 plat 4 at (257): pow(f, e) will not work for negative f, use abs(f) or conditionally handle negative values if you expect them
  error: 1 plat 4 at (334): 'Unity_ReplaceColor_float': implicit truncation of vector type
  error: 1 plat 4 at (336): 'Unity_ReplaceColor_float': implicit truncation of vector type
  error: 1 plat 4 at (338): 'Unity_ReplaceColor_float': implicit truncation of vector type
  error: 1 plat 4 at (340): 'Unity_ReplaceColor_float': implicit truncation of vector type
  error: 1 plat 4 at C:/Users/FullGamers/Desktop/unity/Upwards/Upwards/Library/PackageCache/com.jimmycushnie.noisynodes@1f212c2688/NoiseShader/HLSL/NoiseUtils.hlsl(77): implicit truncation of vector type
  error: 1 plat 4 at C:/Users/FullGamers/Desktop/unity/Upwards/Upwards/Library/PackageCache/com.jimmycushnie.noisynodes@1f212c2688/NoiseShader/HLSL/SimplexNoise3D.hlsl(187): implicit truncation of vector type
 ok=1 outsize=5702

Cmd: compileSnippet
  insize=15214 file=/hidden/preview/ReplaceColor_60e1c8f9e3634add96f792daec65ab0c pass=<Unnamed Pass 0> cachingPP=1 ppOnly=0 stripLineD=0 buildPlatform=19 rsLen=0 pKW=UNITY_ENABLE_REFLECTION_BUFFERS UNITY_USE_DITHER_MASK_FOR_ALPHABLENDED_SHADOWS UNITY_PBS_USE_BRDF1 UNITY_SPECCUBE_BOX_PROJECTION UNITY_SPECCUBE_BLENDING UNITY_ENABLE_DETAIL_NORMALMAP SHADER_API_DESKTOP UNITY_COLORSPACE_GAMMA UNITY_LIGHT_PROBE_PROXY_VOLUME UNITY_LIGHTMAP_FULL_HDR uKW= dKW=UNITY_NO_DXT5nm UNITY_FRAMEBUFFER_FETCH_AVAILABLE UNITY_ENABLE_NATIVE_SHADOW_LOOKUPS UNITY_METAL_SHADOWS_USE_POINT_FILTERING UNITY_NO_SCREENSPACE_SHADOWS UNITY_PBS_USE_BRDF2 UNITY_PBS_USE_BRDF3 UNITY_NO_FULL_STANDARD_SHADER UNITY_HARDWARE_TIER1 UNITY_HARDWARE_TIER2 UNITY_HARDWARE_TIER3 UNITY_HALF_PRECISION_FRAGMENT_SHADER_REGISTERS UNITY_LIGHTMAP_DLDR_ENCODING UNITY_LIGHTMAP_RGBM_ENCODING UNITY_VIRTUAL_TEXTURING UNITY_PRETRANSFORM_TO_DISPLAY_ORIENTATION UNITY_ASTC_NORMALMAP_ENCODING SHADER_API_GLES30 UNITY_UNIFIED_SHADER_PRECISION_MODEL flags=0 lang=3 type=Fragment platform=d3d11 reqs=33 mask=6 start=35  error: 1 plat 4 at (249): pow(f, e) will not work for negative f, use abs(f) or conditionally handle negative values if you expect them
  error: 1 plat 4 at (326): 'Unity_ReplaceColor_float': implicit truncation of vector type
  error: 1 plat 4 at (328): 'Unity_ReplaceColor_float': implicit truncation of vector type
  error: 1 plat 4 at C:/Users/FullGamers/Desktop/unity/Upwards/Upwards/Library/PackageCache/com.jimmycushnie.noisynodes@1f212c2688/NoiseShader/HLSL/NoiseUtils.hlsl(77): implicit truncation of vector type
  error: 1 plat 4 at C:/Users/FullGamers/Desktop/unity/Upwards/Upwards/Library/PackageCache/com.jimmycushnie.noisynodes@1f212c2688/NoiseShader/HLSL/SimplexNoise3D.hlsl(187): implicit truncation of vector type
 ok=1 outsize=5190

Cmd: compileSnippet
  insize=12599 file=/hidden/preview/Clamp_1b964c280c3c4d478e8824df8d0eb9de pass=<Unnamed Pass 0> cachingPP=1 ppOnly=0 stripLineD=0 buildPlatform=19 rsLen=0 pKW=UNITY_ENABLE_REFLECTION_BUFFERS UNITY_USE_DITHER_MASK_FOR_ALPHABLENDED_SHADOWS UNITY_PBS_USE_BRDF1 UNITY_SPECCUBE_BOX_PROJECTION UNITY_SPECCUBE_BLENDING UNITY_ENABLE_DETAIL_NORMALMAP SHADER_API_DESKTOP UNITY_COLORSPACE_GAMMA UNITY_LIGHT_PROBE_PROXY_VOLUME UNITY_LIGHTMAP_FULL_HDR uKW= dKW=UNITY_NO_DXT5nm UNITY_FRAMEBUFFER_FETCH_AVAILABLE UNITY_ENABLE_NATIVE_SHADOW_LOOKUPS UNITY_METAL_SHADOWS_USE_POINT_FILTERING UNITY_NO_SCREENSPACE_SHADOWS UNITY_PBS_USE_BRDF2 UNITY_PBS_USE_BRDF3 UNITY_NO_FULL_STANDARD_SHADER UNITY_HARDWARE_TIER1 UNITY_HARDWARE_TIER2 UNITY_HARDWARE_TIER3 UNITY_HALF_PRECISION_FRAGMENT_SHADER_REGISTERS UNITY_LIGHTMAP_DLDR_ENCODING UNITY_LIGHTMAP_RGBM_ENCODING UNITY_VIRTUAL_TEXTURING UNITY_PRETRANSFORM_TO_DISPLAY_ORIENTATION UNITY_ASTC_NORMALMAP_ENCODING SHADER_API_GLES30 UNITY_UNIFIED_SHADER_PRECISION_MODEL flags=0 lang=3 type=Fragment platform=d3d11 reqs=33 mask=6 start=35  error: 1 plat 4 at C:/Users/FullGamers/Desktop/unity/Upwards/Upwards/Library/PackageCache/com.jimmycushnie.noisynodes@1f212c2688/NoiseShader/HLSL/NoiseUtils.hlsl(77): implicit truncation of vector type
  error: 1 plat 4 at C:/Users/FullGamers/Desktop/unity/Upwards/Upwards/Library/PackageCache/com.jimmycushnie.noisynodes@1f212c2688/NoiseShader/HLSL/SimplexNoise3D.hlsl(187): implicit truncation of vector type
 ok=1 outsize=4290

Cmd: compileSnippet
  insize=10340 file=/hidden/preview/Subtract_de4ec668de814b15ad6fac637188b2b6 pass=<Unnamed Pass 0> cachingPP=1 ppOnly=0 stripLineD=0 buildPlatform=19 rsLen=0 pKW=UNITY_ENABLE_REFLECTION_BUFFERS UNITY_USE_DITHER_MASK_FOR_ALPHABLENDED_SHADOWS UNITY_PBS_USE_BRDF1 UNITY_SPECCUBE_BOX_PROJECTION UNITY_SPECCUBE_BLENDING UNITY_ENABLE_DETAIL_NORMALMAP SHADER_API_DESKTOP UNITY_COLORSPACE_GAMMA UNITY_LIGHT_PROBE_PROXY_VOLUME UNITY_LIGHTMAP_FULL_HDR uKW= dKW=UNITY_NO_DXT5nm UNITY_FRAMEBUFFER_FETCH_AVAILABLE UNITY_ENABLE_NATIVE_SHADOW_LOOKUPS UNITY_METAL_SHADOWS_USE_POINT_FILTERING UNITY_NO_SCREENSPACE_SHADOWS UNITY_PBS_USE_BRDF2 UNITY_PBS_USE_BRDF3 UNITY_NO_FULL_STANDARD_SHADER UNITY_HARDWARE_TIER1 UNITY_HARDWARE_TIER2 UNITY_HARDWARE_TIER3 UNITY_HALF_PRECISION_FRAGMENT_SHADER_REGISTERS UNITY_LIGHTMAP_DLDR_ENCODING UNITY_LIGHTMAP_RGBM_ENCODING UNITY_VIRTUAL_TEXTURING UNITY_PRETRANSFORM_TO_DISPLAY_ORIENTATION UNITY_ASTC_NORMALMAP_ENCODING SHADER_API_GLES30 UNITY_UNIFIED_SHADER_PRECISION_MODEL flags=0 lang=3 type=Fragment platform=d3d11 reqs=33 mask=6 start=35  error: 1 plat 4 at C:/Users/FullGamers/Desktop/unity/Upwards/Upwards/Library/PackageCache/com.jimmycushnie.noisynodes@1f212c2688/NoiseShader/HLSL/NoiseUtils.hlsl(77): implicit truncation of vector type
  error: 1 plat 4 at C:/Users/FullGamers/Desktop/unity/Upwards/Upwards/Library/PackageCache/com.jimmycushnie.noisynodes@1f212c2688/NoiseShader/HLSL/SimplexNoise3D.hlsl(187): implicit truncation of vector type
 ok=1 outsize=4110

Cmd: compileSnippet
  insize=16568 file=/hidden/preview/ReplaceColor_0d1ac06d461a4a818f16180490675951 pass=<Unnamed Pass 0> cachingPP=1 ppOnly=0 stripLineD=0 buildPlatform=19 rsLen=0 pKW=UNITY_ENABLE_REFLECTION_BUFFERS UNITY_USE_DITHER_MASK_FOR_ALPHABLENDED_SHADOWS UNITY_PBS_USE_BRDF1 UNITY_SPECCUBE_BOX_PROJECTION UNITY_SPECCUBE_BLENDING UNITY_ENABLE_DETAIL_NORMALMAP SHADER_API_DESKTOP UNITY_COLORSPACE_GAMMA UNITY_LIGHT_PROBE_PROXY_VOLUME UNITY_LIGHTMAP_FULL_HDR uKW= dKW=UNITY_NO_DXT5nm UNITY_FRAMEBUFFER_FETCH_AVAILABLE UNITY_ENABLE_NATIVE_SHADOW_LOOKUPS UNITY_METAL_SHADOWS_USE_POINT_FILTERING UNITY_NO_SCREENSPACE_SHADOWS UNITY_PBS_USE_BRDF2 UNITY_PBS_USE_BRDF3 UNITY_NO_FULL_STANDARD_SHADER UNITY_HARDWARE_TIER1 UNITY_HARDWARE_TIER2 UNITY_HARDWARE_TIER3 UNITY_HALF_PRECISION_FRAGMENT_SHADER_REGISTERS UNITY_LIGHTMAP_DLDR_ENCODING UNITY_LIGHTMAP_RGBM_ENCODING UNITY_VIRTUAL_TEXTURING UNITY_PRETRANSFORM_TO_DISPLAY_ORIENTATION UNITY_ASTC_NORMALMAP_ENCODING SHADER_API_GLES30 UNITY_UNIFIED_SHADER_PRECISION_MODEL flags=0 lang=3 type=Vertex platform=d3d11 reqs=33 mask=6 start=35  error: 1 plat 4 at (335): 'Unity_ReplaceColor_float': implicit truncation of vector type
  error: 1 plat 4 at (337): 'Unity_ReplaceColor_float': implicit truncation of vector type
  error: 1 plat 4 at (339): 'Unity_ReplaceColor_float': implicit truncation of vector type
  error: 1 plat 4 at C:/Users/FullGamers/Desktop/unity/Upwards/Upwards/Library/PackageCache/com.jimmycushnie.noisynodes@1f212c2688/NoiseShader/HLSL/NoiseUtils.hlsl(77): implicit truncation of vector type
  error: 1 plat 4 at C:/Users/FullGamers/Desktop/unity/Upwards/Upwards/Library/PackageCache/com.jimmycushnie.noisynodes@1f212c2688/NoiseShader/HLSL/SimplexNoise3D.hlsl(187): implicit truncation of vector type
 ok=1 outsize=626

Cmd: compileSnippet
  insize=12536 file=/hidden/preview/Step_f3142632bfd54a0498ba1cdb97eb9d3e pass=<Unnamed Pass 0> cachingPP=1 ppOnly=0 stripLineD=0 buildPlatform=19 rsLen=0 pKW=UNITY_ENABLE_REFLECTION_BUFFERS UNITY_USE_DITHER_MASK_FOR_ALPHABLENDED_SHADOWS UNITY_PBS_USE_BRDF1 UNITY_SPECCUBE_BOX_PROJECTION UNITY_SPECCUBE_BLENDING UNITY_ENABLE_DETAIL_NORMALMAP SHADER_API_DESKTOP UNITY_COLORSPACE_GAMMA UNITY_LIGHT_PROBE_PROXY_VOLUME UNITY_LIGHTMAP_FULL_HDR uKW= dKW=UNITY_NO_DXT5nm UNITY_FRAMEBUFFER_FETCH_AVAILABLE UNITY_ENABLE_NATIVE_SHADOW_LOOKUPS UNITY_METAL_SHADOWS_USE_POINT_FILTERING UNITY_NO_SCREENSPACE_SHADOWS UNITY_PBS_USE_BRDF2 UNITY_PBS_USE_BRDF3 UNITY_NO_FULL_STANDARD_SHADER UNITY_HARDWARE_TIER1 UNITY_HARDWARE_TIER2 UNITY_HARDWARE_TIER3 UNITY_HALF_PRECISION_FRAGMENT_SHADER_REGISTERS UNITY_LIGHTMAP_DLDR_ENCODING UNITY_LIGHTMAP_RGBM_ENCODING UNITY_VIRTUAL_TEXTURING UNITY_PRETRANSFORM_TO_DISPLAY_ORIENTATION UNITY_ASTC_NORMALMAP_ENCODING SHADER_API_GLES30 UNITY_UNIFIED_SHADER_PRECISION_MODEL flags=0 lang=3 type=Fragment platform=d3d11 reqs=33 mask=6 start=35  error: 1 plat 4 at (285): value cannot be infinity, isfinite() may not be necessary.  /Gis may force isfinite() to be performed
  error: 1 plat 4 at C:/Users/FullGamers/Desktop/unity/Upwards/Upwards/Library/PackageCache/com.jimmycushnie.noisynodes@1f212c2688/NoiseShader/HLSL/NoiseUtils.hlsl(77): implicit truncation of vector type
  error: 1 plat 4 at C:/Users/FullGamers/Desktop/unity/Upwards/Upwards/Library/PackageCache/com.jimmycushnie.noisynodes@1f212c2688/NoiseShader/HLSL/SimplexNoise3D.hlsl(187): implicit truncation of vector type
 ok=1 outsize=7714

Cmd: compileSnippet
  insize=13917 file=/hidden/preview/ReplaceColor_26e729680abb48a8acefdfe7e124044a pass=<Unnamed Pass 0> cachingPP=1 ppOnly=0 stripLineD=0 buildPlatform=19 rsLen=0 pKW=UNITY_ENABLE_REFLECTION_BUFFERS UNITY_USE_DITHER_MASK_FOR_ALPHABLENDED_SHADOWS UNITY_PBS_USE_BRDF1 UNITY_SPECCUBE_BOX_PROJECTION UNITY_SPECCUBE_BLENDING UNITY_ENABLE_DETAIL_NORMALMAP SHADER_API_DESKTOP UNITY_COLORSPACE_GAMMA UNITY_LIGHT_PROBE_PROXY_VOLUME UNITY_LIGHTMAP_FULL_HDR uKW= dKW=UNITY_NO_DXT5nm UNITY_FRAMEBUFFER_FETCH_AVAILABLE UNITY_ENABLE_NATIVE_SHADOW_LOOKUPS UNITY_METAL_SHADOWS_USE_POINT_FILTERING UNITY_NO_SCREENSPACE_SHADOWS UNITY_PBS_USE_BRDF2 UNITY_PBS_USE_BRDF3 UNITY_NO_FULL_STANDARD_SHADER UNITY_HARDWARE_TIER1 UNITY_HARDWARE_TIER2 UNITY_HARDWARE_TIER3 UNITY_HALF_PRECISION_FRAGMENT_SHADER_REGISTERS UNITY_LIGHTMAP_DLDR_ENCODING UNITY_LIGHTMAP_RGBM_ENCODING UNITY_VIRTUAL_TEXTURING UNITY_PRETRANSFORM_TO_DISPLAY_ORIENTATION UNITY_ASTC_NORMALMAP_ENCODING SHADER_API_GLES30 UNITY_UNIFIED_SHADER_PRECISION_MODEL flags=0 lang=3 type=Fragment platform=d3d11 reqs=33 mask=6 start=35  error: 1 plat 4 at (237): pow(f, e) will not work for negative f, use abs(f) or conditionally handle negative values if you expect them
  error: 1 plat 4 at (305): 'Unity_ReplaceColor_float': implicit truncation of vector type
  error: 1 plat 4 at (307): 'Unity_ReplaceColor_float': implicit truncation of vector type
  error: 1 plat 4 at C:/Users/FullGamers/Desktop/unity/Upwards/Upwards/Library/PackageCache/com.jimmycushnie.noisynodes@1f212c2688/NoiseShader/HLSL/NoiseUtils.hlsl(77): implicit truncation of vector type
  error: 1 plat 4 at C:/Users/FullGamers/Desktop/unity/Upwards/Upwards/Library/PackageCache/com.jimmycushnie.noisynodes@1f212c2688/NoiseShader/HLSL/SimplexNoise3D.hlsl(187): implicit truncation of vector type
 ok=1 outsize=8454

Cmd: compileSnippet
  insize=12320 file=/hidden/preview/OneMinus_145dd964fbd94f578fb3dd0025254f07 pass=<Unnamed Pass 0> cachingPP=1 ppOnly=0 stripLineD=0 buildPlatform=19 rsLen=0 pKW=UNITY_ENABLE_REFLECTION_BUFFERS UNITY_USE_DITHER_MASK_FOR_ALPHABLENDED_SHADOWS UNITY_PBS_USE_BRDF1 UNITY_SPECCUBE_BOX_PROJECTION UNITY_SPECCUBE_BLENDING UNITY_ENABLE_DETAIL_NORMALMAP SHADER_API_DESKTOP UNITY_COLORSPACE_GAMMA UNITY_LIGHT_PROBE_PROXY_VOLUME UNITY_LIGHTMAP_FULL_HDR uKW= dKW=UNITY_NO_DXT5nm UNITY_FRAMEBUFFER_FETCH_AVAILABLE UNITY_ENABLE_NATIVE_SHADOW_LOOKUPS UNITY_METAL_SHADOWS_USE_POINT_FILTERING UNITY_NO_SCREENSPACE_SHADOWS UNITY_PBS_USE_BRDF2 UNITY_PBS_USE_BRDF3 UNITY_NO_FULL_STANDARD_SHADER UNITY_HARDWARE_TIER1 UNITY_HARDWARE_TIER2 UNITY_HARDWARE_TIER3 UNITY_HALF_PRECISION_FRAGMENT_SHADER_REGISTERS UNITY_LIGHTMAP_DLDR_ENCODING UNITY_LIGHTMAP_RGBM_ENCODING UNITY_VIRTUAL_TEXTURING UNITY_PRETRANSFORM_TO_DISPLAY_ORIENTATION UNITY_ASTC_NORMALMAP_ENCODING SHADER_API_GLES30 UNITY_UNIFIED_SHADER_PRECISION_MODEL flags=0 lang=3 type=Fragment platform=d3d11 reqs=33 mask=6 start=35  error: 1 plat 4 at (229): pow(f, e) will not work for negative f, use abs(f) or conditionally handle negative values if you expect them
  error: 1 plat 4 at C:/Users/FullGamers/Desktop/unity/Upwards/Upwards/Library/PackageCache/com.jimmycushnie.noisynodes@1f212c2688/NoiseShader/HLSL/NoiseUtils.hlsl(77): implicit truncation of vector type
  error: 1 plat 4 at C:/Users/FullGamers/Desktop/unity/Upwards/Upwards/Library/PackageCache/com.jimmycushnie.noisynodes@1f212c2688/NoiseShader/HLSL/SimplexNoise3D.hlsl(187): implicit truncation of vector type
 ok=1 outsize=7862

Cmd: compileSnippet
  insize=11311 file=/hidden/preview/Multiply_3d7886502289412e9a00c31986c6a7b7 pass=<Unnamed Pass 0> cachingPP=1 ppOnly=0 stripLineD=0 buildPlatform=19 rsLen=0 pKW=UNITY_ENABLE_REFLECTION_BUFFERS UNITY_USE_DITHER_MASK_FOR_ALPHABLENDED_SHADOWS UNITY_PBS_USE_BRDF1 UNITY_SPECCUBE_BOX_PROJECTION UNITY_SPECCUBE_BLENDING UNITY_ENABLE_DETAIL_NORMALMAP SHADER_API_DESKTOP UNITY_COLORSPACE_GAMMA UNITY_LIGHT_PROBE_PROXY_VOLUME UNITY_LIGHTMAP_FULL_HDR uKW= dKW=UNITY_NO_DXT5nm UNITY_FRAMEBUFFER_FETCH_AVAILABLE UNITY_ENABLE_NATIVE_SHADOW_LOOKUPS UNITY_METAL_SHADOWS_USE_POINT_FILTERING UNITY_NO_SCREENSPACE_SHADOWS UNITY_PBS_USE_BRDF2 UNITY_PBS_USE_BRDF3 UNITY_NO_FULL_STANDARD_SHADER UNITY_HARDWARE_TIER1 UNITY_HARDWARE_TIER2 UNITY_HARDWARE_TIER3 UNITY_HALF_PRECISION_FRAGMENT_SHADER_REGISTERS UNITY_LIGHTMAP_DLDR_ENCODING UNITY_LIGHTMAP_RGBM_ENCODING UNITY_VIRTUAL_TEXTURING UNITY_PRETRANSFORM_TO_DISPLAY_ORIENTATION UNITY_ASTC_NORMALMAP_ENCODING SHADER_API_GLES30 UNITY_UNIFIED_SHADER_PRECISION_MODEL flags=0 lang=3 type=Vertex platform=d3d11 reqs=33 mask=6 start=35  error: 1 plat 4 at C:/Users/FullGamers/Desktop/unity/Upwards/Upwards/Library/PackageCache/com.jimmycushnie.noisynodes@1f212c2688/NoiseShader/HLSL/NoiseUtils.hlsl(77): implicit truncation of vector type
  error: 1 plat 4 at C:/Users/FullGamers/Desktop/unity/Upwards/Upwards/Library/PackageCache/com.jimmycushnie.noisynodes@1f212c2688/NoiseShader/HLSL/SimplexNoise3D.hlsl(187): implicit truncation of vector type
 ok=1 outsize=626

Cmd: compileSnippet
  insize=11625 file=/hidden/preview/OneMinus_c59d0a7d20274b948390cd4269c3526e pass=<Unnamed Pass 0> cachingPP=1 ppOnly=0 stripLineD=0 buildPlatform=19 rsLen=0 pKW=UNITY_ENABLE_REFLECTION_BUFFERS UNITY_USE_DITHER_MASK_FOR_ALPHABLENDED_SHADOWS UNITY_PBS_USE_BRDF1 UNITY_SPECCUBE_BOX_PROJECTION UNITY_SPECCUBE_BLENDING UNITY_ENABLE_DETAIL_NORMALMAP SHADER_API_DESKTOP UNITY_COLORSPACE_GAMMA UNITY_LIGHT_PROBE_PROXY_VOLUME UNITY_LIGHTMAP_FULL_HDR uKW= dKW=UNITY_NO_DXT5nm UNITY_FRAMEBUFFER_FETCH_AVAILABLE UNITY_ENABLE_NATIVE_SHADOW_LOOKUPS UNITY_METAL_SHADOWS_USE_POINT_FILTERING UNITY_NO_SCREENSPACE_SHADOWS UNITY_PBS_USE_BRDF2 UNITY_PBS_USE_BRDF3 UNITY_NO_FULL_STANDARD_SHADER UNITY_HARDWARE_TIER1 UNITY_HARDWARE_TIER2 UNITY_HARDWARE_TIER3 UNITY_HALF_PRECISION_FRAGMENT_SHADER_REGISTERS UNITY_LIGHTMAP_DLDR_ENCODING UNITY_LIGHTMAP_RGBM_ENCODING UNITY_VIRTUAL_TEXTURING UNITY_PRETRANSFORM_TO_DISPLAY_ORIENTATION UNITY_ASTC_NORMALMAP_ENCODING SHADER_API_GLES30 UNITY_UNIFIED_SHADER_PRECISION_MODEL flags=0 lang=3 type=Fragment platform=d3d11 reqs=33 mask=6 start=35  error: 1 plat 4 at (279): value cannot be infinity, isfinite() may not be necessary.  /Gis may force isfinite() to be performed
  error: 1 plat 4 at C:/Users/FullGamers/Desktop/unity/Upwards/Upwards/Library/PackageCache/com.jimmycushnie.noisynodes@1f212c2688/NoiseShader/HLSL/NoiseUtils.hlsl(77): implicit truncation of vector type
  error: 1 plat 4 at C:/Users/FullGamers/Desktop/unity/Upwards/Upwards/Library/PackageCache/com.jimmycushnie.noisynodes@1f212c2688/NoiseShader/HLSL/SimplexNoise3D.hlsl(187): implicit truncation of vector type
 ok=1 outsize=7614

Cmd: compileSnippet
  insize=13639 file=/Master pass=Sprite Unlit cachingPP=1 ppOnly=0 stripLineD=0 buildPlatform=19 rsLen=0 pKW=UNITY_ENABLE_REFLECTION_BUFFERS UNITY_USE_DITHER_MASK_FOR_ALPHABLENDED_SHADOWS UNITY_PBS_USE_BRDF1 UNITY_SPECCUBE_BOX_PROJECTION UNITY_SPECCUBE_BLENDING UNITY_ENABLE_DETAIL_NORMALMAP SHADER_API_DESKTOP UNITY_COLORSPACE_GAMMA UNITY_LIGHT_PROBE_PROXY_VOLUME UNITY_LIGHTMAP_FULL_HDR uKW= dKW=DEBUG_DISPLAY UNITY_NO_DXT5nm UNITY_FRAMEBUFFER_FETCH_AVAILABLE UNITY_ENABLE_NATIVE_SHADOW_LOOKUPS UNITY_METAL_SHADOWS_USE_POINT_FILTERING UNITY_NO_SCREENSPACE_SHADOWS UNITY_PBS_USE_BRDF2 UNITY_PBS_USE_BRDF3 UNITY_NO_FULL_STANDARD_SHADER UNITY_HARDWARE_TIER1 UNITY_HARDWARE_TIER2 UNITY_HARDWARE_TIER3 UNITY_HALF_PRECISION_FRAGMENT_SHADER_REGISTERS UNITY_LIGHTMAP_DLDR_ENCODING UNITY_LIGHTMAP_RGBM_ENCODING UNITY_VIRTUAL_TEXTURING UNITY_PRETRANSFORM_TO_DISPLAY_ORIENTATION UNITY_ASTC_NORMALMAP_ENCODING SHADER_API_GLES30 UNITY_UNIFIED_SHADER_PRECISION_MODEL flags=0 lang=3 type=Fragment platform=d3d11 reqs=1 mask=6 start=405 ok=1 outsize=1658

Cmd: compileSnippet
  insize=12423 file=/hidden/preview/NormalFromHeight_2e18e058f9b147f4936284bb4bf60c75 pass=<Unnamed Pass 0> cachingPP=1 ppOnly=0 stripLineD=0 buildPlatform=19 rsLen=0 pKW=UNITY_ENABLE_REFLECTION_BUFFERS UNITY_USE_DITHER_MASK_FOR_ALPHABLENDED_SHADOWS UNITY_PBS_USE_BRDF1 UNITY_SPECCUBE_BOX_PROJECTION UNITY_SPECCUBE_BLENDING UNITY_ENABLE_DETAIL_NORMALMAP SHADER_API_DESKTOP UNITY_COLORSPACE_GAMMA UNITY_LIGHT_PROBE_PROXY_VOLUME UNITY_LIGHTMAP_FULL_HDR uKW= dKW=UNITY_NO_DXT5nm UNITY_FRAMEBUFFER_FETCH_AVAILABLE UNITY_ENABLE_NATIVE_SHADOW_LOOKUPS UNITY_METAL_SHADOWS_USE_POINT_FILTERING UNITY_NO_SCREENSPACE_SHADOWS UNITY_PBS_USE_BRDF2 UNITY_PBS_USE_BRDF3 UNITY_NO_FULL_STANDARD_SHADER UNITY_HARDWARE_TIER1 UNITY_HARDWARE_TIER2 UNITY_HARDWARE_TIER3 UNITY_HALF_PRECISION_FRAGMENT_SHADER_REGISTERS UNITY_LIGHTMAP_DLDR_ENCODING UNITY_LIGHTMAP_RGBM_ENCODING UNITY_VIRTUAL_TEXTURING UNITY_PRETRANSFORM_TO_DISPLAY_ORIENTATION UNITY_ASTC_NORMALMAP_ENCODING SHADER_API_GLES30 UNITY_UNIFIED_SHADER_PRECISION_MODEL flags=0 lang=3 type=Vertex platform=d3d11 reqs=33 mask=6 start=36  error: 1 plat 4 at C:/Users/FullGamers/Desktop/unity/Upwards/Upwards/Library/PackageCache/com.jimmycushnie.noisynodes@1f212c2688/NoiseShader/HLSL/NoiseUtils.hlsl(77): implicit truncation of vector type
  error: 1 plat 4 at C:/Users/FullGamers/Desktop/unity/Upwards/Upwards/Library/PackageCache/com.jimmycushnie.noisynodes@1f212c2688/NoiseShader/HLSL/SimplexNoise3D.hlsl(187): implicit truncation of vector type
 ok=1 outsize=1370

Cmd: compileSnippet
  insize=15873 file=Assets/Shaders/Shader Graphs/Distort pass=SceneSelectionPass cachingPP=1 ppOnly=0 stripLineD=0 buildPlatform=19 rsLen=0 pKW=UNITY_ENABLE_REFLECTION_BUFFERS UNITY_USE_DITHER_MASK_FOR_ALPHABLENDED_SHADOWS UNITY_PBS_USE_BRDF1 UNITY_SPECCUBE_BOX_PROJECTION UNITY_SPECCUBE_BLENDING UNITY_ENABLE_DETAIL_NORMALMAP SHADER_API_DESKTOP UNITY_COLORSPACE_GAMMA UNITY_LIGHT_PROBE_PROXY_VOLUME UNITY_LIGHTMAP_FULL_HDR uKW= dKW=UNITY_NO_DXT5nm UNITY_FRAMEBUFFER_FETCH_AVAILABLE UNITY_ENABLE_NATIVE_SHADOW_LOOKUPS UNITY_METAL_SHADOWS_USE_POINT_FILTERING UNITY_NO_SCREENSPACE_SHADOWS UNITY_PBS_USE_BRDF2 UNITY_PBS_USE_BRDF3 UNITY_NO_FULL_STANDARD_SHADER UNITY_HARDWARE_TIER1 UNITY_HARDWARE_TIER2 UNITY_HARDWARE_TIER3 UNITY_HALF_PRECISION_FRAGMENT_SHADER_REGISTERS UNITY_LIGHTMAP_DLDR_ENCODING UNITY_LIGHTMAP_RGBM_ENCODING UNITY_VIRTUAL_TEXTURING UNITY_PRETRANSFORM_TO_DISPLAY_ORIENTATION UNITY_ASTC_NORMALMAP_ENCODING SHADER_API_GLES30 UNITY_UNIFIED_SHADER_PRECISION_MODEL flags=0 lang=3 type=Vertex platform=d3d11 reqs=1 mask=6 start=442  error: 1 plat 4 at C:/Users/FullGamers/Desktop/unity/Upwards/Upwards/Library/PackageCache/com.jimmycushnie.noisynodes@1f212c2688/NoiseShader/HLSL/NoiseUtils.hlsl(77): implicit truncation of vector type
  error: 1 plat 4 at C:/Users/FullGamers/Desktop/unity/Upwards/Upwards/Library/PackageCache/com.jimmycushnie.noisynodes@1f212c2688/NoiseShader/HLSL/SimplexNoise3D.hlsl(187): implicit truncation of vector type
 ok=1 outsize=1322

